TN:
SF:contracts/governance/RigoblockGovernance.sol
DA:24,0
FN:24,RigoblockGovernance.constructor
FNDA:0,RigoblockGovernance.constructor
DA:25,0
FNF:1
FNH:0
LF:2
LH:0
BRF:0
BRH:0
end_of_record
TN:
SF:contracts/governance/crosschain/CrosschainReceiver.sol
DA:64,13
FN:64,CrosschainReceiver.constructor
FNDA:13,CrosschainReceiver.constructor
DA:65,13
BRDA:65,0,0,1
BRDA:65,0,1,12
DA:67,12
DA:68,12
DA:69,12
DA:70,12
DA:73,1
FN:73,CrosschainReceiver.receive
FNDA:1,CrosschainReceiver.receive
DA:84,13
FN:84,CrosschainReceiver.receiveMessage
FNDA:13,CrosschainReceiver.receiveMessage
DA:86,13
DA:87,13
BRDA:87,1,0,1
BRDA:87,1,1,12
DA:90,12
BRDA:90,2,0,2
BRDA:90,2,1,10
DA:95,10
DA:98,10
BRDA:98,3,0,1
BRDA:98,3,1,9
DA:101,9
BRDA:101,4,0,1
BRDA:101,4,1,8
DA:103,8
DA:106,8
BRDA:106,5,0,1
BRDA:106,5,1,7
DA:113,7
DA:115,7
DA:116,7
BRDA:116,6,0,1
BRDA:116,6,1,6
DA:118,6
BRDA:118,7,0,1
DA:119,1
DA:120,1
DA:123,5
DA:124,4
DA:127,5
DA:128,1
DA:130,1
DA:131,1
DA:136,6
FN:136,CrosschainReceiver._executeAction
FNDA:6,CrosschainReceiver._executeAction
DA:137,6
DA:138,6
BRDA:138,8,0,1
BRDA:138,8,1,5
DA:141,5
FNF:4
FNH:4
LF:32
LH:32
BRF:17
BRH:17
end_of_record
TN:
SF:contracts/governance/mixins/MixinImmutables.sol
DA:9,0
FN:9,MixinImmutables.constructor
FNDA:0,MixinImmutables.constructor
FNF:1
FNH:0
LF:1
LH:0
BRF:0
BRH:0
end_of_record
TN:
SF:contracts/governance/mixins/MixinInitializer.sol
DA:14,0
FN:14,MixinInitializer.onlyUninitialized
FNDA:0,MixinInitializer.onlyUninitialized
DA:17,0
BRDA:17,0,0,-
BRDA:17,0,1,-
DA:22,0
FN:22,MixinInitializer.initializeGovernance
FNDA:0,MixinInitializer.initializeGovernance
DA:23,0
DA:26,0
BRDA:26,1,0,-
BRDA:26,1,1,-
DA:27,0
DA:30,0
DA:31,0
FNF:2
FNH:0
LF:8
LH:0
BRF:4
BRH:0
end_of_record
TN:
SF:contracts/governance/mixins/MixinState.sol
DA:12,0
FN:12,MixinState.getActions
FNDA:0,MixinState.getActions
DA:15,0
DA:16,0
DA:17,0
DA:18,0
DA:19,0
DA:24,0
FN:24,MixinState.getProposalState
FNDA:0,MixinState.getProposalState
DA:25,0
DA:29,0
FN:29,MixinState.getReceipt
FNDA:0,MixinState.getReceipt
DA:33,0
DA:37,0
FN:37,MixinState.getVotingPower
FNDA:0,MixinState.getVotingPower
DA:38,0
DA:42,0
FN:42,MixinState.governanceParameters
FNDA:0,MixinState.governanceParameters
DA:43,0
DA:44,0
DA:52,0
FN:52,MixinState.name
FNDA:0,MixinState.name
DA:53,0
DA:57,0
FN:57,MixinState.proposalCount
FNDA:0,MixinState.proposalCount
DA:58,0
DA:62,0
FN:62,MixinState.proposals
FNDA:0,MixinState.proposals
DA:63,0
DA:64,0
DA:65,0
DA:67,0
DA:72,0
FN:72,MixinState.votingPeriod
FNDA:0,MixinState.votingPeriod
DA:73,0
DA:77,0
FN:77,MixinState.getProposalById
FNDA:0,MixinState.getProposalById
DA:80,0
DA:81,0
DA:82,0
DA:85,0
DA:86,0
DA:88,0
DA:91,0
FN:91,MixinState._getProposalCount
FNDA:0,MixinState._getProposalCount
DA:92,0
DA:95,0
FN:95,MixinState._getProposalState
FNDA:0,MixinState._getProposalState
DA:96,0
BRDA:96,0,0,-
BRDA:96,0,1,-
DA:97,0
DA:100,0
DA:101,0
DA:103,0
DA:106,0
FN:106,MixinState._getVotingPower
FNDA:0,MixinState._getVotingPower
DA:107,0
FNF:13
FNH:0
LF:43
LH:0
BRF:2
BRH:0
end_of_record
TN:
SF:contracts/governance/mixins/MixinStorage.sol
DA:10,0
FN:10,MixinStorage.constructor
FNDA:0,MixinStorage.constructor
DA:11,0
DA:12,0
DA:13,0
DA:14,0
DA:15,0
DA:16,0
DA:17,0
DA:18,0
DA:21,0
FN:21,MixinStorage._governanceParameters
FNDA:0,MixinStorage._governanceParameters
DA:23,0
DA:31,0
FN:31,MixinStorage._paramsWrapper
FNDA:0,MixinStorage._paramsWrapper
DA:33,0
DA:41,0
FN:41,MixinStorage._implementation
FNDA:0,MixinStorage._implementation
DA:43,0
DA:51,0
FN:51,MixinStorage._name
FNDA:0,MixinStorage._name
DA:53,0
DA:61,0
FN:61,MixinStorage._proposalCount
FNDA:0,MixinStorage._proposalCount
DA:63,0
DA:71,0
FN:71,MixinStorage._proposal
FNDA:0,MixinStorage._proposal
DA:73,0
DA:81,0
FN:81,MixinStorage._proposalQuorum
FNDA:0,MixinStorage._proposalQuorum
DA:83,0
DA:91,0
FN:91,MixinStorage._proposedAction
FNDA:0,MixinStorage._proposedAction
DA:93,0
DA:101,0
FN:101,MixinStorage._receipt
FNDA:0,MixinStorage._receipt
DA:103,0
FNF:10
FNH:0
LF:27
LH:0
BRF:0
BRH:0
end_of_record
TN:
SF:contracts/governance/mixins/MixinUpgrade.sol
DA:21,0
FN:21,MixinUpgrade.onlyGovernance
FNDA:0,MixinUpgrade.onlyGovernance
DA:22,0
BRDA:22,0,0,-
BRDA:22,0,1,-
DA:27,0
FN:27,MixinUpgrade.updateThresholds
FNDA:0,MixinUpgrade.updateThresholds
DA:31,0
DA:32,0
BRDA:32,1,0,-
BRDA:32,1,1,-
DA:36,0
DA:37,0
DA:38,0
DA:39,0
DA:43,0
FN:43,MixinUpgrade.upgradeImplementation
FNDA:0,MixinUpgrade.upgradeImplementation
DA:45,0
DA:48,0
BRDA:48,2,0,-
BRDA:48,2,1,-
DA:51,0
BRDA:51,3,0,-
BRDA:51,3,1,-
DA:54,0
DA:55,0
DA:59,0
FN:59,MixinUpgrade.upgradeStrategy
FNDA:0,MixinUpgrade.upgradeStrategy
DA:60,0
DA:61,0
BRDA:61,4,0,-
BRDA:61,4,1,-
DA:62,0
BRDA:62,5,0,-
BRDA:62,5,1,-
DA:65,0
DA:66,0
DA:71,0
FN:71,MixinUpgrade._isContract
FNDA:0,MixinUpgrade._isContract
DA:72,0
FNF:5
FNH:0
LF:23
LH:0
BRF:12
BRH:0
end_of_record
TN:
SF:contracts/governance/mixins/MixinVoting.sol
DA:45,0
FN:45,MixinVoting.propose
FNDA:0,MixinVoting.propose
DA:49,0
DA:50,0
DA:51,0
BRDA:51,0,0,-
BRDA:51,0,1,-
DA:55,0
BRDA:55,1,0,-
BRDA:55,1,1,-
DA:56,0
BRDA:56,2,0,-
BRDA:56,2,1,-
DA:58,0
DA:59,0
DA:62,0
DA:63,0
DA:64,0
DA:75,0
DA:76,0
DA:77,0
DA:80,0
DA:81,0
DA:83,0
DA:87,0
FN:87,MixinVoting.castVote
FNDA:0,MixinVoting.castVote
DA:88,0
DA:92,0
FN:92,MixinVoting.castVoteBySignature
FNDA:0,MixinVoting.castVoteBySignature
DA:99,0
DA:108,0
DA:109,0
DA:110,0
DA:112,0
DA:115,0
DA:119,0
FN:119,MixinVoting.execute
FNDA:0,MixinVoting.execute
DA:120,0
BRDA:120,3,0,-
BRDA:120,3,1,-
DA:125,0
DA:126,0
DA:128,0
DA:129,0
DA:132,0
DA:133,0
DA:134,0
DA:135,0
DA:136,0
DA:137,0
DA:141,0
BRDA:141,4,0,-
BRDA:141,4,1,-
DA:144,0
DA:145,0
DA:146,0
DA:147,0
DA:148,0
DA:153,0
DA:154,0
DA:155,0
BRDA:155,5,0,-
BRDA:155,5,1,-
DA:156,0
DA:161,0
DA:166,0
FN:166,MixinVoting._castVote
FNDA:0,MixinVoting._castVote
DA:167,0
DA:168,0
BRDA:168,6,0,-
BRDA:168,6,1,-
DA:169,0
DA:170,0
BRDA:170,7,0,-
BRDA:170,7,1,-
DA:171,0
DA:172,0
BRDA:172,8,0,-
BRDA:172,8,1,-
DA:173,0
DA:175,0
BRDA:175,9,0,-
BRDA:175,9,1,-
DA:176,0
DA:177,0
BRDA:177,10,0,-
BRDA:177,10,1,-
DA:178,0
DA:180,0
DA:183,0
DA:190,0
BRDA:190,11,0,-
DA:191,0
DA:196,0
FNF:5
FNH:0
LF:66
LH:0
BRF:23
BRH:0
end_of_record
TN:
SF:contracts/governance/proxies/RigoblockGovernanceFactory.sol
DA:31,0
FN:31,RigoblockGovernanceFactory.createGovernance
FNDA:0,RigoblockGovernanceFactory.createGovernance
DA:39,0
DA:40,0
DA:43,0
DA:51,0
DA:54,0
DA:58,0
FN:58,RigoblockGovernanceFactory.parameters
FNDA:0,RigoblockGovernanceFactory.parameters
DA:59,0
DA:64,0
FN:64,RigoblockGovernanceFactory._isContract
FNDA:0,RigoblockGovernanceFactory._isContract
DA:65,0
FNF:3
FNH:0
LF:10
LH:0
BRF:0
BRH:0
end_of_record
TN:
SF:contracts/governance/proxies/RigoblockGovernanceProxy.sol
DA:35,0
FN:35,RigoblockGovernanceProxy.constructor
FNDA:0,RigoblockGovernanceProxy.constructor
DA:37,0
DA:40,0
DA:43,0
DA:44,0
DA:48,0
DA:51,0
DA:56,0
FN:56,RigoblockGovernanceProxy.fallback
FNDA:0,RigoblockGovernanceProxy.fallback
DA:57,0
DA:60,0
DA:61,0
DA:62,0
DA:63,0
BRDA:63,0,0,-
BRDA:63,0,1,-
DA:64,0
DA:66,0
DA:71,0
FN:71,RigoblockGovernanceProxy.receive
FNDA:0,RigoblockGovernanceProxy.receive
DA:84,0
FN:84,RigoblockGovernanceProxy._getImplementation
FNDA:0,RigoblockGovernanceProxy._getImplementation
DA:86,0
FNF:4
FNH:0
LF:18
LH:0
BRF:2
BRH:0
end_of_record
TN:
SF:contracts/governance/strategies/RigoblockGovernanceStrategy.sol
DA:40,0
FN:40,RigoblockGovernanceStrategy.constructor
FNDA:0,RigoblockGovernanceStrategy.constructor
DA:41,0
DA:42,0
DA:43,0
DA:44,0
DA:48,0
FN:48,RigoblockGovernanceStrategy.assertValidInitParams
FNDA:0,RigoblockGovernanceStrategy.assertValidInitParams
DA:49,0
DA:50,0
DA:54,0
FN:54,RigoblockGovernanceStrategy.assertValidThresholds
FNDA:0,RigoblockGovernanceStrategy.assertValidThresholds
DA:55,0
DA:56,0
DA:60,0
FN:60,RigoblockGovernanceStrategy.getProposalState
FNDA:0,RigoblockGovernanceStrategy.getProposalState
DA:66,0
BRDA:66,0,0,-
BRDA:66,0,1,-
DA:67,0
DA:68,0
BRDA:68,1,0,-
BRDA:68,1,1,-
DA:69,0
DA:70,0
BRDA:70,2,0,-
BRDA:70,2,1,-
DA:71,0
DA:72,0
BRDA:72,3,0,-
BRDA:72,3,1,-
DA:73,0
DA:74,0
BRDA:74,4,0,-
BRDA:74,4,1,-
DA:75,0
DA:77,0
DA:81,0
FN:81,RigoblockGovernanceStrategy._qualifiedConsensus
FNDA:0,RigoblockGovernanceStrategy._qualifiedConsensus
DA:85,0
DA:94,0
FN:94,RigoblockGovernanceStrategy.getVotingPower
FNDA:0,RigoblockGovernanceStrategy.getVotingPower
DA:95,0
DA:102,0
FN:102,RigoblockGovernanceStrategy.votingPeriod
FNDA:0,RigoblockGovernanceStrategy.votingPeriod
DA:103,0
DA:104,0
DA:108,0
FN:108,RigoblockGovernanceStrategy.votingTimestamps
FNDA:0,RigoblockGovernanceStrategy.votingTimestamps
DA:109,0
DA:112,0
DA:114,0
DA:117,0
FN:117,RigoblockGovernanceStrategy._assertValidProposalThreshold
FNDA:0,RigoblockGovernanceStrategy._assertValidProposalThreshold
DA:118,0
DA:119,0
DA:122,0
DA:123,0
DA:126,0
BRDA:126,5,0,-
DA:127,0
DA:128,0
DA:131,0
BRDA:131,6,0,-
BRDA:131,6,1,-
DA:137,0
FN:137,RigoblockGovernanceStrategy._assertValidQuorumThreshold
FNDA:0,RigoblockGovernanceStrategy._assertValidQuorumThreshold
DA:138,0
DA:139,0
DA:142,0
DA:143,0
DA:146,0
BRDA:146,7,0,-
DA:147,0
DA:148,0
DA:151,0
BRDA:151,8,0,-
BRDA:151,8,1,-
DA:158,0
FN:158,RigoblockGovernanceStrategy.beforePropose
FNDA:0,RigoblockGovernanceStrategy.beforePropose
DA:161,0
BRDA:161,9,0,-
DA:162,0
DA:166,0
BRDA:166,10,0,-
BRDA:166,10,1,-
DA:168,0
DA:169,0
DA:173,0
FN:173,RigoblockGovernanceStrategy.beforeExecute
FNDA:0,RigoblockGovernanceStrategy.beforeExecute
DA:176,0
BRDA:176,11,0,-
DA:177,0
DA:180,0
DA:182,0
DA:186,0
FN:186,RigoblockGovernanceStrategy._assertValidWormholeData
FNDA:0,RigoblockGovernanceStrategy._assertValidWormholeData
DA:187,0
BRDA:187,12,0,-
BRDA:187,12,1,-
DA:189,0
DA:190,0
DA:191,0
BRDA:191,13,0,-
BRDA:191,13,1,-
DA:198,0
FN:198,RigoblockGovernanceStrategy._getStakingProxy
FNDA:0,RigoblockGovernanceStrategy._getStakingProxy
DA:199,0
FNF:14
FNH:0
LF:70
LH:0
BRF:24
BRH:0
end_of_record
TN:
SF:contracts/mocks/MockERC20.sol
DA:7,0
FN:7,MockERC20.constructor
FNDA:0,MockERC20.constructor
DA:9,0
FN:9,MockERC20.mint
FNDA:0,MockERC20.mint
DA:10,0
FNF:2
FNH:0
LF:3
LH:0
BRF:0
BRH:0
end_of_record
TN:
SF:contracts/protocol/SmartPool.sol
DA:26,0
FN:26,SmartPool.constructor
FNDA:0,SmartPool.constructor
DA:32,0
DA:33,0
FNF:1
FNH:0
LF:3
LH:0
BRF:0
BRH:0
end_of_record
TN:
SF:contracts/protocol/core/actions/MixinActions.sol
DA:43,0
FN:43,MixinActions.mint
FNDA:0,MixinActions.mint
DA:48,0
DA:52,0
FN:52,MixinActions.mintWithToken
FNDA:0,MixinActions.mintWithToken
DA:59,0
BRDA:59,0,0,-
BRDA:59,0,1,-
DA:62,0
DA:63,0
DA:67,0
FN:67,MixinActions.burn
FNDA:0,MixinActions.burn
DA:68,0
DA:72,0
FN:72,MixinActions.burnForToken
FNDA:0,MixinActions.burnForToken
DA:78,0
BRDA:78,1,0,-
BRDA:78,1,1,-
DA:79,0
DA:87,0
FN:87,MixinActions.updateUnitaryValue
FNDA:0,MixinActions.updateUnitaryValue
DA:88,0
DA:89,0
DA:90,0
DA:94,0
DA:102,0
FN:102,MixinActions.setOperator
FNDA:0,MixinActions.setOperator
DA:103,0
DA:105,0
DA:107,0
DA:133,0
FN:133,MixinActions._mint
FNDA:0,MixinActions._mint
DA:139,0
BRDA:139,2,0,-
BRDA:139,2,1,-
DA:140,0
BRDA:140,3,0,-
BRDA:140,3,1,-
DA:141,0
BRDA:141,4,0,-
BRDA:141,4,1,-
DA:143,0
DA:144,0
DA:145,0
DA:148,0
BRDA:148,5,0,-
DA:149,0
BRDA:149,6,0,-
BRDA:149,6,1,-
DA:152,0
BRDA:152,7,0,-
DA:154,0
DA:158,0
DA:160,0
BRDA:160,8,0,-
BRDA:160,8,1,-
DA:161,0
BRDA:161,9,0,-
BRDA:161,9,1,-
DA:162,0
DA:164,0
BRDA:164,10,0,-
BRDA:164,10,1,-
DA:165,0
DA:166,0
DA:169,0
DA:171,0
BRDA:171,11,0,-
DA:172,0
DA:175,0
DA:176,0
DA:179,0
DA:180,0
BRDA:180,12,0,-
BRDA:180,12,1,-
DA:181,0
DA:189,0
FN:189,MixinActions._allocateMintTokens
FNDA:0,MixinActions._allocateMintTokens
DA:190,0
DA:194,0
DA:197,0
DA:199,0
BRDA:199,13,0,-
DA:200,0
DA:202,0
BRDA:202,14,0,-
DA:203,0
DA:204,0
DA:207,0
DA:208,0
DA:209,0
DA:213,0
DA:214,0
DA:215,0
DA:216,0
DA:219,0
FN:219,MixinActions._burn
FNDA:0,MixinActions._burn
DA:220,0
BRDA:220,15,0,-
BRDA:220,15,1,-
DA:221,0
DA:222,0
BRDA:222,16,0,-
BRDA:222,16,1,-
DA:223,0
BRDA:223,17,0,-
BRDA:223,17,1,-
DA:226,0
DA:229,0
DA:230,0
DA:234,0
DA:235,0
DA:238,0
DA:240,0
DA:242,0
BRDA:242,18,0,-
BRDA:242,18,1,-
DA:243,0
DA:244,0
BRDA:244,19,0,-
DA:246,0
DA:249,0
BRDA:249,20,0,-
BRDA:249,20,1,-
DA:251,0
DA:256,0
DA:257,0
DA:259,0
BRDA:259,21,0,-
BRDA:259,21,1,-
DA:261,0
BRDA:261,22,0,-
BRDA:261,22,1,-
DA:262,0
DA:263,0
DA:265,0
DA:266,0
DA:275,0
FN:275,MixinActions._allocateBurnTokens
FNDA:0,MixinActions._allocateBurnTokens
DA:276,0
BRDA:276,23,0,-
BRDA:276,23,1,-
DA:277,0
DA:282,0
BRDA:282,24,0,-
DA:283,0
DA:285,0
BRDA:285,25,0,-
DA:286,0
DA:287,0
DA:290,0
DA:291,0
DA:292,0
DA:296,0
DA:297,0
DA:300,0
FN:300,MixinActions._assertBiggerThanMinimum
FNDA:0,MixinActions._assertBiggerThanMinimum
DA:301,0
BRDA:301,26,0,-
BRDA:301,26,1,-
FNF:11
FNH:0
LF:103
LH:0
BRF:46
BRH:0
end_of_record
TN:
SF:contracts/protocol/core/actions/MixinOwnerActions.sol
DA:28,0
FN:28,MixinOwnerActions.onlyOwner
FNDA:0,MixinOwnerActions.onlyOwner
DA:29,0
BRDA:29,0,0,-
BRDA:29,0,1,-
DA:34,0
FN:34,MixinOwnerActions.changeFeeCollector
FNDA:0,MixinOwnerActions.changeFeeCollector
DA:36,0
BRDA:36,1,0,-
BRDA:36,1,1,-
DA:37,0
BRDA:37,2,0,-
BRDA:37,2,1,-
DA:38,0
DA:39,0
DA:44,0
FN:44,MixinOwnerActions.changeMinPeriod
FNDA:0,MixinOwnerActions.changeMinPeriod
DA:45,0
BRDA:45,3,0,-
BRDA:45,3,1,-
DA:49,0
BRDA:49,4,0,-
BRDA:49,4,1,-
DA:50,0
DA:51,0
DA:55,0
FN:55,MixinOwnerActions.changeSpread
FNDA:0,MixinOwnerActions.changeSpread
DA:57,0
BRDA:57,5,0,-
BRDA:57,5,1,-
DA:58,0
BRDA:58,6,0,-
BRDA:58,6,1,-
DA:59,0
DA:60,0
DA:63,0
FN:63,MixinOwnerActions.purgeInactiveTokensAndApps
FNDA:0,MixinOwnerActions.purgeInactiveTokensAndApps
DA:65,0
DA:66,0
DA:67,0
DA:68,0
DA:70,0
BRDA:70,7,0,-
DA:71,0
DA:72,0
BRDA:72,8,0,-
DA:73,0
DA:74,0
DA:76,0
DA:79,0
DA:80,0
BRDA:80,7,1,-
DA:82,0
DA:86,0
DA:89,0
DA:90,0
DA:92,0
DA:93,0
DA:96,0
DA:98,0
DA:100,0
DA:101,0
BRDA:101,9,0,-
DA:102,0
DA:103,0
DA:106,0
BRDA:106,10,0,-
DA:107,0
DA:111,0
BRDA:111,11,0,-
DA:112,0
BRDA:112,12,0,-
BRDA:112,12,1,-
DA:113,0
DA:115,0
DA:118,0
BRDA:118,13,0,-
DA:119,0
DA:126,0
FN:126,MixinOwnerActions.revokeAllDelegations
FNDA:0,MixinOwnerActions.revokeAllDelegations
DA:127,0
DA:128,0
DA:129,0
DA:130,0
DA:131,0
DA:132,0
DA:137,0
FN:137,MixinOwnerActions.revokeAllDelegationsForSelector
FNDA:0,MixinOwnerActions.revokeAllDelegationsForSelector
DA:138,0
DA:139,0
DA:140,0
DA:141,0
DA:142,0
DA:143,0
DA:148,0
FN:148,MixinOwnerActions.setAcceptableMintToken
FNDA:0,MixinOwnerActions.setAcceptableMintToken
DA:151,0
DA:153,0
BRDA:153,14,0,-
BRDA:153,14,1,-
DA:154,0
DA:160,0
DA:165,0
FN:165,MixinOwnerActions.setKycProvider
FNDA:0,MixinOwnerActions.setKycProvider
DA:167,0
BRDA:167,15,0,-
DA:168,0
BRDA:168,16,0,-
BRDA:168,16,1,-
DA:170,0
BRDA:170,17,0,-
BRDA:170,17,1,-
DA:171,0
DA:172,0
DA:176,0
FN:176,MixinOwnerActions.setOwner
FNDA:0,MixinOwnerActions.setOwner
DA:177,0
BRDA:177,18,0,-
BRDA:177,18,1,-
DA:178,0
BRDA:178,19,0,-
BRDA:178,19,1,-
DA:179,0
DA:180,0
DA:181,0
DA:185,0
FN:185,MixinOwnerActions.setTransactionFee
FNDA:0,MixinOwnerActions.setTransactionFee
DA:186,0
BRDA:186,20,0,-
BRDA:186,20,1,-
DA:187,0
BRDA:187,21,0,-
BRDA:187,21,1,-
DA:188,0
DA:189,0
DA:193,0
FN:193,MixinOwnerActions.updateDelegation
FNDA:0,MixinOwnerActions.updateDelegation
DA:194,0
DA:195,0
DA:196,0
DA:197,0
DA:198,0
DA:201,0
BRDA:201,22,0,-
DA:205,0
FN:205,MixinOwnerActions._isContract
FNDA:0,MixinOwnerActions._isContract
DA:206,0
FNF:13
FNH:0
LF:95
LH:0
BRF:39
BRH:0
end_of_record
TN:
SF:contracts/protocol/core/immutable/MixinImmutables.sol
DA:28,0
FN:28,MixinImmutables.constructor
FNDA:0,MixinImmutables.constructor
DA:29,0
BRDA:29,0,0,-
BRDA:29,0,1,-
DA:30,0
BRDA:30,1,0,-
BRDA:30,1,1,-
DA:31,0
DA:33,0
DA:36,0
DA:37,0
DA:40,0
DA:43,0
FNF:1
FNH:0
LF:9
LH:0
BRF:4
BRH:0
end_of_record
TN:
SF:contracts/protocol/core/immutable/MixinStorage.sol
DA:12,0
FN:12,MixinStorage.constructor
FNDA:0,MixinStorage.constructor
DA:14,0
DA:15,0
DA:16,0
DA:17,0
DA:18,0
DA:19,0
DA:20,0
DA:21,0
DA:22,0
DA:23,0
DA:24,0
DA:31,0
FN:31,MixinStorage.accounts
FNDA:0,MixinStorage.accounts
DA:33,0
DA:37,0
FN:37,MixinStorage.pool
FNDA:0,MixinStorage.pool
DA:39,0
DA:50,0
FN:50,MixinStorage.poolWrapper
FNDA:0,MixinStorage.poolWrapper
DA:52,0
DA:56,0
FN:56,MixinStorage.poolParams
FNDA:0,MixinStorage.poolParams
DA:58,0
DA:62,0
FN:62,MixinStorage.poolTokens
FNDA:0,MixinStorage.poolTokens
DA:64,0
DA:68,0
FN:68,MixinStorage.activeTokensSet
FNDA:0,MixinStorage.activeTokensSet
DA:70,0
DA:74,0
FN:74,MixinStorage.activeApplications
FNDA:0,MixinStorage.activeApplications
DA:76,0
DA:84,0
FN:84,MixinStorage.operators
FNDA:0,MixinStorage.operators
DA:86,0
DA:90,0
FN:90,MixinStorage.delegation
FNDA:0,MixinStorage.delegation
DA:92,0
DA:96,0
FN:96,MixinStorage.acceptedTokensSet
FNDA:0,MixinStorage.acceptedTokensSet
DA:98,0
FNF:11
FNH:0
LF:32
LH:0
BRF:0
BRH:0
end_of_record
TN:
SF:contracts/protocol/core/state/MixinPoolState.sol
DA:15,0
FN:15,MixinPoolState.balanceOf
FNDA:0,MixinPoolState.balanceOf
DA:16,0
DA:20,0
FN:20,MixinPoolState.getAcceptedMintTokens
FNDA:0,MixinPoolState.getAcceptedMintTokens
DA:21,0
DA:26,0
FN:26,MixinPoolState.getActiveApplications
FNDA:0,MixinPoolState.getActiveApplications
DA:27,0
DA:31,0
FN:31,MixinPoolState.getActiveTokens
FNDA:0,MixinPoolState.getActiveTokens
DA:32,0
DA:36,0
FN:36,MixinPoolState.getPoolStorage
FNDA:0,MixinPoolState.getPoolStorage
DA:42,0
DA:46,0
FN:46,MixinPoolState.getUserAccount
FNDA:0,MixinPoolState.getUserAccount
DA:47,0
DA:51,0
FN:51,MixinPoolState.name
FNDA:0,MixinPoolState.name
DA:52,0
DA:56,0
FN:56,MixinPoolState.owner
FNDA:0,MixinPoolState.owner
DA:57,0
DA:61,0
FN:61,MixinPoolState.totalSupply
FNDA:0,MixinPoolState.totalSupply
DA:62,0
DA:69,0
FN:69,MixinPoolState.decimals
FNDA:0,MixinPoolState.decimals
DA:70,0
DA:74,0
FN:74,MixinPoolState.getPool
FNDA:0,MixinPoolState.getPool
DA:75,0
DA:77,0
DA:88,0
FN:88,MixinPoolState.getPoolParams
FNDA:0,MixinPoolState.getPoolParams
DA:89,0
DA:100,0
FN:100,MixinPoolState.getPoolTokens
FNDA:0,MixinPoolState.getPoolTokens
DA:101,0
DA:102,0
DA:110,0
FN:110,MixinPoolState.symbol
FNDA:0,MixinPoolState.symbol
DA:111,0
DA:112,0
DA:113,0
DA:114,0
DA:116,0
DA:117,0
DA:118,0
DA:120,0
DA:124,0
FN:124,MixinPoolState.isOperator
FNDA:0,MixinPoolState.isOperator
DA:125,0
DA:129,0
FN:129,MixinPoolState.getDelegatedAddresses
FNDA:0,MixinPoolState.getDelegatedAddresses
DA:130,0
DA:134,0
FN:134,MixinPoolState.getDelegatedSelectors
FNDA:0,MixinPoolState.getDelegatedSelectors
DA:135,0
DA:141,0
FN:141,MixinPoolState._getActiveApplications
FNDA:0,MixinPoolState._getActiveApplications
DA:142,0
DA:145,0
FN:145,MixinPoolState._getFeeCollector
FNDA:0,MixinPoolState._getFeeCollector
DA:146,0
DA:147,0
DA:150,0
FN:150,MixinPoolState._getMinPeriod
FNDA:0,MixinPoolState._getMinPeriod
DA:151,0
DA:152,0
DA:155,0
FN:155,MixinPoolState._getSpread
FNDA:0,MixinPoolState._getSpread
DA:156,0
DA:157,0
DA:160,0
FN:160,MixinPoolState._getTokenJar
FNDA:0,MixinPoolState._getTokenJar
DA:161,0
DA:164,0
FN:164,MixinPoolState._getAcceptedMintTokens
FNDA:0,MixinPoolState._getAcceptedMintTokens
DA:165,0
DA:168,0
FN:168,MixinPoolState._getActiveTokens
FNDA:0,MixinPoolState._getActiveTokens
DA:169,0
DA:170,0
FNF:24
FNH:0
LF:61
LH:0
BRF:0
BRH:0
end_of_record
TN:
SF:contracts/protocol/core/state/MixinPoolValue.sol
DA:31,0
FN:31,MixinPoolValue._updateNav
FNDA:0,MixinPoolValue._updateNav
DA:32,0
DA:33,0
DA:34,0
DA:35,0
DA:40,0
BRDA:40,0,0,-
BRDA:40,0,1,-
DA:43,0
DA:45,0
BRDA:45,1,0,-
BRDA:45,1,1,-
DA:46,0
DA:48,0
DA:53,0
BRDA:53,2,0,-
BRDA:53,2,1,-
DA:54,0
DA:56,0
DA:59,0
DA:60,0
DA:64,0
BRDA:64,3,0,-
DA:65,0
DA:68,0
DA:70,0
BRDA:70,4,0,-
BRDA:70,4,1,-
DA:71,0
DA:76,0
DA:82,0
BRDA:82,5,0,-
DA:83,0
DA:87,0
BRDA:87,6,0,-
DA:88,0
DA:89,0
DA:99,0
FN:99,MixinPoolValue._computeTotalPoolValue
FNDA:0,MixinPoolValue._computeTotalPoolValue
DA:100,0
DA:103,0
DA:104,0
DA:107,0
BRDA:107,7,0,-
DA:109,0
DA:111,0
DA:114,0
DA:116,0
BRDA:116,8,0,-
DA:117,0
DA:121,0
DA:124,0
BRDA:124,9,0,-
DA:125,0
DA:128,0
DA:131,0
BRDA:131,10,0,-
DA:133,0
DA:136,0
DA:138,0
DA:142,0
BRDA:142,7,1,-
DA:144,0
DA:148,0
DA:149,0
DA:152,0
DA:155,0
DA:156,0
DA:159,0
DA:160,0
DA:163,0
BRDA:163,11,0,-
DA:164,0
DA:171,0
FN:171,MixinPoolValue._getAndClearBalance
FNDA:0,MixinPoolValue._getAndClearBalance
DA:172,0
DA:175,0
BRDA:175,12,0,-
DA:176,0
DA:180,0
BRDA:180,13,0,-
BRDA:180,13,1,-
DA:181,0
DA:183,0
BRDA:183,14,0,-
DA:184,0
DA:185,0
BRDA:185,14,1,-
DA:187,0
FNF:3
FNH:0
LF:65
LH:0
BRF:22
BRH:0
end_of_record
TN:
SF:contracts/protocol/core/state/MixinStorageAccessible.sol
DA:10,0
FN:10,MixinStorageAccessible.getStorageAt
FNDA:0,MixinStorageAccessible.getStorageAt
DA:11,0
DA:12,0
DA:15,0
DA:16,0
DA:19,0
DA:23,0
FN:23,MixinStorageAccessible.getStorageSlotsAt
FNDA:0,MixinStorageAccessible.getStorageSlotsAt
DA:25,0
DA:27,0
DA:28,0
DA:29,0
DA:32,0
DA:33,0
DA:36,0
FNF:2
FNH:0
LF:14
LH:0
BRF:0
BRH:0
end_of_record
TN:
SF:contracts/protocol/core/sys/MixinFallback.sol
DA:19,0
FN:19,MixinFallback.onlyDelegateCall
FNDA:0,MixinFallback.onlyDelegateCall
DA:20,0
DA:28,0
FN:28,MixinFallback.fallback
FNDA:0,MixinFallback.fallback
DA:30,0
DA:33,0
DA:35,0
BRDA:35,0,0,-
DA:36,0
DA:39,0
BRDA:39,1,0,-
BRDA:39,1,1,-
DA:42,0
BRDA:42,2,0,-
DA:43,0
BRDA:43,3,0,-
BRDA:43,3,1,-
DA:48,0
DA:54,0
DA:55,0
DA:56,0
BRDA:56,4,0,-
BRDA:56,4,1,-
DA:57,0
DA:58,0
DA:59,0
BRDA:59,5,0,-
BRDA:59,5,1,-
DA:60,0
DA:62,0
DA:64,0
DA:65,0
DA:67,0
BRDA:67,6,0,-
BRDA:67,6,1,-
DA:68,0
DA:70,0
DA:77,0
FN:77,MixinFallback.receive
FNDA:0,MixinFallback.receive
DA:79,0
FN:79,MixinFallback._checkDelegateCall
FNDA:0,MixinFallback._checkDelegateCall
DA:80,0
BRDA:80,7,0,-
BRDA:80,7,1,-
FNF:4
FNH:0
LF:27
LH:0
BRF:14
BRH:0
end_of_record
TN:
SF:contracts/protocol/core/sys/MixinInitializer.sol
DA:15,0
FN:15,MixinInitializer.onlyUninitialized
FNDA:0,MixinInitializer.onlyUninitialized
DA:18,0
BRDA:18,0,0,-
BRDA:18,0,1,-
DA:24,0
FN:24,MixinInitializer.initializePool
FNDA:0,MixinInitializer.initializePool
DA:25,0
DA:27,0
DA:37,0
BRDA:37,1,0,-
DA:38,0
DA:39,0
BRDA:39,2,0,-
DA:41,0
DA:44,0
DA:45,0
BRDA:45,2,1,-
DA:46,0
DA:51,0
DA:52,0
FNF:2
FNH:0
LF:14
LH:0
BRF:5
BRH:0
end_of_record
TN:
SF:contracts/protocol/deps/Authority.sol
DA:33,0
FN:33,Authority.onlyWhitelister
FNDA:0,Authority.onlyWhitelister
DA:34,0
BRDA:34,0,0,-
BRDA:34,0,1,-
DA:38,0
FN:38,Authority.constructor
FNDA:0,Authority.constructor
DA:39,0
DA:46,0
FN:46,Authority.addMethod
FNDA:0,Authority.addMethod
DA:47,0
BRDA:47,1,0,-
BRDA:47,1,1,-
DA:48,0
BRDA:48,2,0,-
BRDA:48,2,1,-
DA:49,0
DA:50,0
DA:54,0
FN:54,Authority.removeMethod
FNDA:0,Authority.removeMethod
DA:55,0
BRDA:55,3,0,-
BRDA:55,3,1,-
DA:57,0
DA:61,0
FN:61,Authority.setWhitelister
FNDA:0,Authority.setWhitelister
DA:62,0
DA:66,0
FN:66,Authority.setAdapter
FNDA:0,Authority.setAdapter
DA:67,0
DA:71,0
FN:71,Authority.setFactory
FNDA:0,Authority.setFactory
DA:72,0
DA:79,0
FN:79,Authority.isWhitelistedFactory
FNDA:0,Authority.isWhitelistedFactory
DA:80,0
DA:83,0
FN:83,Authority.getApplicationAdapter
FNDA:0,Authority.getApplicationAdapter
DA:84,0
DA:88,0
FN:88,Authority.isWhitelister
FNDA:0,Authority.isWhitelister
DA:89,0
DA:95,0
FN:95,Authority._changePermission
FNDA:0,Authority._changePermission
DA:100,0
BRDA:100,4,0,-
BRDA:100,4,1,-
DA:101,0
BRDA:101,5,0,-
BRDA:101,5,1,-
DA:102,0
BRDA:102,6,0,-
BRDA:102,6,1,-
DA:103,0
DA:104,0
DA:105,0
DA:107,0
BRDA:107,7,0,-
BRDA:107,7,1,-
DA:109,0
DA:110,0
DA:111,0
BRDA:111,8,0,-
DA:112,0
DA:113,0
DA:114,0
DA:116,0
FNF:11
FNH:0
LF:39
LH:0
BRF:17
BRH:0
end_of_record
TN:
SF:contracts/protocol/deps/Escrow.sol
DA:30,0
FN:30,Escrow.constructor
FNDA:0,Escrow.constructor
DA:31,0
BRDA:31,0,0,-
BRDA:31,0,1,-
DA:32,0
DA:33,0
DA:38,0
FN:38,Escrow.refundVault
FNDA:0,Escrow.refundVault
DA:39,0
BRDA:39,1,0,-
BRDA:39,1,1,-
DA:40,0
DA:41,0
BRDA:41,2,0,-
BRDA:41,2,1,-
DA:43,0
DA:46,0
DA:47,0
DA:48,0
DA:49,0
FNF:2
FNH:0
LF:13
LH:0
BRF:6
BRH:0
end_of_record
TN:
SF:contracts/protocol/deps/ExtensionsMap.sol
DA:82,0
FN:82,ExtensionsMap.constructor
FNDA:0,ExtensionsMap.constructor
DA:83,0
DA:84,0
DA:85,0
DA:86,0
DA:87,0
DA:88,0
DA:89,0
DA:90,0
DA:91,0
DA:94,0
DA:95,0
DA:96,0
DA:103,0
DA:104,0
DA:105,0
DA:106,0
DA:117,0
FN:117,ExtensionsMap.getExtensionBySelector
FNDA:0,ExtensionsMap.getExtensionBySelector
DA:120,0
BRDA:120,0,0,-
BRDA:120,0,1,-
DA:121,0
DA:122,0
DA:123,0
BRDA:123,1,0,-
BRDA:123,1,1,-
DA:124,0
DA:125,0
DA:126,0
BRDA:126,2,0,-
BRDA:126,2,1,-
DA:127,0
DA:128,0
DA:129,0
BRDA:129,3,0,-
BRDA:129,3,1,-
DA:130,0
DA:131,0
DA:132,0
DA:133,0
DA:135,0
DA:136,0
BRDA:136,4,0,-
BRDA:136,4,1,-
DA:137,0
DA:138,0
DA:139,0
BRDA:139,5,0,-
BRDA:139,5,1,-
DA:140,0
DA:141,0
BRDA:141,6,0,-
BRDA:141,6,1,-
DA:142,0
DA:143,0
DA:144,0
BRDA:144,7,0,-
BRDA:144,7,1,-
DA:145,0
DA:146,0
DA:147,0
DA:149,0
DA:150,0
DA:151,0
BRDA:151,8,0,-
BRDA:151,8,1,-
DA:152,0
DA:154,0
FNF:2
FNH:0
LF:50
LH:0
BRF:18
BRH:0
end_of_record
TN:
SF:contracts/protocol/deps/ExtensionsMapDeployer.sol
DA:22,0
FN:22,ExtensionsMapDeployer.deployExtensionsMap
FNDA:0,ExtensionsMapDeployer.deployExtensionsMap
DA:23,0
DA:24,0
DA:25,0
DA:26,0
DA:27,0
DA:28,0
DA:29,0
DA:30,0
DA:33,0
DA:34,0
DA:45,0
BRDA:45,0,0,-
DA:46,0
DA:47,0
DA:48,0
DA:51,0
DA:55,0
FN:55,ExtensionsMapDeployer.parameters
FNDA:0,ExtensionsMapDeployer.parameters
DA:56,0
FNF:2
FNH:0
LF:18
LH:0
BRF:1
BRH:0
end_of_record
TN:
SF:contracts/protocol/deps/PoolRegistry.sol
DA:45,0
FN:45,PoolRegistry.onlyWhitelistedFactory
FNDA:0,PoolRegistry.onlyWhitelistedFactory
DA:46,0
BRDA:46,0,0,-
BRDA:46,0,1,-
DA:50,0
FN:50,PoolRegistry.onlyPoolOperator
FNDA:0,PoolRegistry.onlyPoolOperator
DA:51,0
BRDA:51,1,0,-
BRDA:51,1,1,-
DA:55,0
FN:55,PoolRegistry.onlyRigoblockDao
FNDA:0,PoolRegistry.onlyRigoblockDao
DA:56,0
BRDA:56,2,0,-
BRDA:56,2,1,-
DA:60,0
FN:60,PoolRegistry.whenAddressFree
FNDA:0,PoolRegistry.whenAddressFree
DA:61,0
BRDA:61,3,0,-
BRDA:61,3,1,-
DA:65,0
FN:65,PoolRegistry.whenPoolRegistered
FNDA:0,PoolRegistry.whenPoolRegistered
DA:66,0
BRDA:66,4,0,-
BRDA:66,4,1,-
DA:70,0
FN:70,PoolRegistry.constructor
FNDA:0,PoolRegistry.constructor
DA:71,0
DA:72,0
DA:79,0
FN:79,PoolRegistry.register
FNDA:0,PoolRegistry.register
DA:85,0
DA:86,0
DA:88,0
DA:98,0
FN:98,PoolRegistry.setAuthority
FNDA:0,PoolRegistry.setAuthority
DA:99,0
BRDA:99,5,0,-
BRDA:99,5,1,-
DA:100,0
BRDA:100,6,0,-
BRDA:100,6,1,-
DA:101,0
DA:102,0
DA:106,0
FN:106,PoolRegistry.setMeta
FNDA:0,PoolRegistry.setMeta
DA:111,0
DA:112,0
DA:116,0
FN:116,PoolRegistry.setRigoblockDao
FNDA:0,PoolRegistry.setRigoblockDao
DA:117,0
BRDA:117,7,0,-
BRDA:117,7,1,-
DA:118,0
BRDA:118,8,0,-
BRDA:118,8,1,-
DA:119,0
DA:120,0
DA:127,0
FN:127,PoolRegistry.getPoolIdFromAddress
FNDA:0,PoolRegistry.getPoolIdFromAddress
DA:128,0
DA:132,0
FN:132,PoolRegistry.getMeta
FNDA:0,PoolRegistry.getMeta
DA:133,0
DA:139,0
FN:139,PoolRegistry._assertValidNameAndSymbol
FNDA:0,PoolRegistry._assertValidNameAndSymbol
DA:140,0
DA:143,0
BRDA:143,9,0,-
BRDA:143,9,1,-
DA:145,0
DA:146,0
BRDA:146,10,0,-
BRDA:146,10,1,-
DA:149,0
DA:150,0
DA:151,0
DA:154,0
FN:154,PoolRegistry._isContract
FNDA:0,PoolRegistry._isContract
DA:155,0
FNF:14
FNH:0
LF:44
LH:0
BRF:22
BRH:0
end_of_record
TN:
SF:contracts/protocol/extensions/EApps.sol
DA:46,0
FN:46,EApps.constructor
FNDA:0,EApps.constructor
DA:47,0
DA:48,0
DA:54,0
FN:54,EApps.getAppTokenBalances
FNDA:0,EApps.getAppTokenBalances
DA:55,0
DA:56,0
DA:57,0
DA:60,0
DA:61,0
BRDA:61,0,0,-
DA:62,0
DA:63,0
DA:67,0
DA:68,0
DA:70,0
DA:71,0
BRDA:71,1,0,-
DA:72,0
DA:73,0
DA:74,0
DA:77,0
DA:81,0
FN:81,EApps.getUniV4TokenIds
FNDA:0,EApps.getUniV4TokenIds
DA:82,0
DA:88,0
FN:88,EApps._handleApplication
FNDA:0,EApps._handleApplication
DA:89,0
BRDA:89,2,0,-
BRDA:89,2,1,-
DA:90,0
DA:91,0
BRDA:91,3,0,-
BRDA:91,3,1,-
DA:92,0
DA:93,0
BRDA:93,4,0,-
BRDA:93,4,1,-
DA:94,0
DA:95,0
BRDA:95,5,0,-
BRDA:95,5,1,-
DA:99,0
BRDA:99,6,0,-
DA:100,0
DA:102,0
DA:104,0
DA:111,0
FN:111,EApps._getGrgStakingProxyBalances
FNDA:0,EApps._getGrgStakingProxyBalances
DA:113,0
BRDA:113,7,0,-
DA:115,0
DA:118,0
BRDA:118,8,0,-
DA:119,0
DA:120,0
DA:121,0
DA:122,0
DA:129,0
FN:129,EApps._getUniV4PmBalances
FNDA:0,EApps._getUniV4PmBalances
DA:131,0
DA:132,0
DA:133,0
DA:136,0
DA:137,0
DA:140,0
DA:147,0
DA:148,0
DA:149,0
DA:150,0
DA:154,0
FN:154,EApps._findCrossPrice
FNDA:0,EApps._findCrossPrice
DA:155,0
DA:156,0
DA:158,0
BRDA:158,9,0,-
DA:159,0
BRDA:159,10,0,-
BRDA:159,10,1,-
DA:160,0
DA:162,0
DA:166,0
DA:169,0
BRDA:169,11,0,-
DA:170,0
BRDA:170,12,0,-
BRDA:170,12,1,-
DA:171,0
DA:173,0
DA:177,0
DA:180,0
BRDA:180,13,0,-
DA:181,0
DA:184,0
FNF:7
FNH:0
LF:68
LH:0
BRF:20
BRH:0
end_of_record
TN:
SF:contracts/protocol/extensions/ECrosschain.sol
DA:38,0
FN:38,ECrosschain.donate
FNDA:0,ECrosschain.donate
DA:43,0
DA:44,0
DA:47,0
DA:50,0
BRDA:50,0,0,-
DA:51,0
BRDA:51,1,0,-
BRDA:51,1,1,-
DA:52,0
DA:55,0
DA:56,0
DA:57,0
DA:58,0
DA:62,0
BRDA:62,2,0,-
BRDA:62,2,1,-
DA:64,0
DA:65,0
BRDA:65,3,0,-
BRDA:65,3,1,-
DA:68,0
BRDA:68,4,0,-
BRDA:68,4,1,-
DA:69,0
DA:72,0
DA:78,0
BRDA:78,5,0,-
BRDA:78,5,1,-
DA:81,0
BRDA:81,6,0,-
BRDA:81,6,1,-
DA:83,0
DA:84,0
DA:86,0
BRDA:86,7,0,-
DA:87,0
DA:88,0
DA:91,0
DA:97,0
BRDA:97,8,0,-
BRDA:97,8,1,-
DA:99,0
DA:100,0
BRDA:100,9,0,-
DA:101,0
DA:105,0
DA:107,0
BRDA:107,10,0,-
DA:108,0
DA:111,0
DA:112,0
DA:113,0
DA:116,0
FN:116,ECrosschain._updateVirtualSupply
FNDA:0,ECrosschain._updateVirtualSupply
DA:118,0
DA:120,0
DA:124,0
DA:125,0
DA:128,0
DA:131,0
DA:135,0
FN:135,ECrosschain._validateNavIntegrity
FNDA:0,ECrosschain._validateNavIntegrity
DA:142,0
DA:144,0
DA:145,0
DA:147,0
BRDA:147,11,0,-
DA:148,0
BRDA:148,12,0,-
BRDA:148,12,1,-
DA:149,0
DA:151,0
DA:155,0
BRDA:155,13,0,-
DA:156,0
DA:163,0
DA:164,0
BRDA:164,14,0,-
BRDA:164,14,1,-
DA:170,0
DA:171,0
BRDA:171,15,0,-
BRDA:171,15,1,-
FNF:3
FNH:0
LF:56
LH:0
BRF:26
BRH:0
end_of_record
TN:
SF:contracts/protocol/extensions/EERC20.sol
DA:33,0
FN:33,EERC20.transfer
FNDA:0,EERC20.transfer
DA:34,0
DA:38,0
FN:38,EERC20.transferFrom
FNDA:0,EERC20.transferFrom
DA:39,0
DA:43,0
FN:43,EERC20.approve
FNDA:0,EERC20.approve
DA:44,0
DA:48,0
FN:48,EERC20.allowance
FNDA:0,EERC20.allowance
DA:49,0
FNF:4
FNH:0
LF:8
LH:0
BRF:0
BRH:0
end_of_record
TN:
SF:contracts/protocol/extensions/EGmxCallback.sol
DA:28,0
FN:28,EGmxCallback.constructor
FNDA:0,EGmxCallback.constructor
DA:29,0
BRDA:29,0,0,-
BRDA:29,0,1,-
DA:32,0
FN:32,EGmxCallback.onlyGmxController
FNDA:0,EGmxCallback.onlyGmxController
DA:33,0
BRDA:33,1,0,-
BRDA:33,1,1,-
DA:38,0
FN:38,EGmxCallback.afterOrderExecution
FNDA:0,EGmxCallback.afterOrderExecution
DA:45,0
DA:46,0
DA:48,0
BRDA:48,2,0,-
BRDA:48,2,1,-
DA:50,0
DA:54,0
BRDA:54,3,0,-
DA:55,0
DA:56,0
DA:61,0
DA:62,0
DA:63,0
DA:65,0
DA:66,0
BRDA:66,4,0,-
DA:67,0
DA:72,0
FN:72,EGmxCallback._recordClaimableCollateral
FNDA:0,EGmxCallback._recordClaimableCollateral
DA:78,0
DA:83,0
BRDA:83,5,0,-
DA:84,0
DA:85,0
DA:87,0
DA:88,0
DA:93,0
FNF:4
FNH:0
LF:26
LH:0
BRF:9
BRH:0
end_of_record
TN:
SF:contracts/protocol/extensions/ENavView.sol
DA:24,0
FN:24,ENavView.constructor
FNDA:0,ENavView.constructor
DA:25,0
DA:26,0
DA:30,0
FN:30,ENavView.getAppTokensAndBalancesView
FNDA:0,ENavView.getAppTokensAndBalancesView
DA:31,0
DA:35,0
FN:35,ENavView.getNavDataView
FNDA:0,ENavView.getNavDataView
DA:36,0
FNF:3
FNH:0
LF:7
LH:0
BRF:0
BRH:0
end_of_record
TN:
SF:contracts/protocol/extensions/EOracle.sol
DA:26,0
FN:26,EOracle.constructor
FNDA:0,EOracle.constructor
DA:27,0
DA:28,0
DA:32,0
FN:32,EOracle.convertBatchTokenAmounts
FNDA:0,EOracle.convertBatchTokenAmounts
DA:37,0
DA:41,0
FN:41,EOracle.convertTokenAmount
FNDA:0,EOracle.convertTokenAmount
DA:46,0
DA:47,0
DA:48,0
DA:49,0
DA:50,0
DA:53,0
FN:53,EOracle._convertTokenAmounts
FNDA:0,EOracle._convertTokenAmounts
DA:58,0
BRDA:58,0,0,-
DA:60,0
DA:61,0
DA:62,0
DA:64,0
DA:65,0
DA:66,0
DA:69,0
BRDA:69,1,0,-
DA:70,0
DA:71,0
DA:74,0
BRDA:74,2,0,-
DA:75,0
DA:78,0
BRDA:78,3,0,-
DA:80,0
DA:81,0
DA:82,0
BRDA:82,4,0,-
BRDA:82,4,1,-
DA:83,0
DA:84,0
BRDA:84,5,0,-
BRDA:84,5,1,-
DA:85,0
DA:87,0
DA:88,0
BRDA:88,6,0,-
DA:89,0
DA:93,0
DA:95,0
DA:96,0
DA:97,0
DA:102,0
FN:102,EOracle.hasPriceFeed
FNDA:0,EOracle.hasPriceFeed
DA:105,0
BRDA:105,7,0,-
DA:106,0
DA:108,0
BRDA:108,8,0,-
DA:109,0
DA:112,0
DA:113,0
DA:117,0
FN:117,EOracle.getTwap
FNDA:0,EOracle.getTwap
DA:118,0
DA:119,0
DA:121,0
BRDA:121,9,0,-
BRDA:121,9,1,-
DA:123,0
DA:125,0
DA:128,0
DA:129,0
DA:130,0
DA:134,0
FN:134,EOracle._getPool
FNDA:0,EOracle._getPool
DA:139,0
DA:146,0
DA:149,0
FN:149,EOracle._getSecondsAgos
FNDA:0,EOracle._getSecondsAgos
DA:151,0
DA:152,0
DA:153,0
DA:154,0
DA:155,0
FNF:8
FNH:0
LF:63
LH:0
BRF:13
BRH:0
end_of_record
TN:
SF:contracts/protocol/extensions/EUpgrade.sol
DA:35,0
FN:35,EUpgrade.constructor
FNDA:0,EUpgrade.constructor
DA:36,0
DA:37,0
DA:41,0
FN:41,EUpgrade.upgradeImplementation
FNDA:0,EUpgrade.upgradeImplementation
DA:43,0
BRDA:43,0,0,-
BRDA:43,0,1,-
DA:47,0
DA:50,0
DA:51,0
DA:54,0
DA:57,0
BRDA:57,1,0,-
BRDA:57,1,1,-
DA:60,0
DA:61,0
DA:65,0
FN:65,EUpgrade.getBeacon
FNDA:0,EUpgrade.getBeacon
DA:66,0
FNF:3
FNH:0
LF:14
LH:0
BRF:4
BRH:0
end_of_record
TN:
SF:contracts/protocol/extensions/adapters/A0xRouter.sol
DA:40,0
FN:40,A0xRouter.constructor
FNDA:0,A0xRouter.constructor
DA:41,0
DA:42,0
DA:43,0
DA:46,0
FN:46,A0xRouter.onlyDelegateCall
FNDA:0,A0xRouter.onlyDelegateCall
DA:47,0
BRDA:47,0,0,-
BRDA:47,0,1,-
DA:52,0
FN:52,A0xRouter.requiredVersion
FNDA:0,A0xRouter.requiredVersion
DA:53,0
DA:57,0
FN:57,A0xRouter.exec
FNDA:0,A0xRouter.exec
DA:64,0
DA:65,0
BRDA:65,1,0,-
BRDA:65,1,1,-
DA:66,0
DA:68,0
DA:69,0
DA:72,0
BRDA:72,2,0,-
DA:73,0
DA:76,0
BRDA:76,3,0,-
DA:78,0
BRDA:78,4,0,-
DA:79,0
DA:81,0
DA:82,0
BRDA:82,3,1,-
DA:83,0
DA:84,0
BRDA:84,3,2,-
DA:85,0
BRDA:85,5,0,-
DA:86,0
DA:89,0
DA:102,0
FN:102,A0xRouter._assertIsAllowedAction
FNDA:0,A0xRouter._assertIsAllowedAction
DA:103,0
BRDA:103,6,0,-
BRDA:103,6,1,-
DA:137,0
FN:137,A0xRouter._assertTokenOutHasPriceFeed
FNDA:0,A0xRouter._assertTokenOutHasPriceFeed
DA:138,0
BRDA:138,7,0,-
DA:139,0
DA:141,0
DA:142,0
DA:146,0
FN:146,A0xRouter._checkActionsAllowed
FNDA:0,A0xRouter._checkActionsAllowed
DA:148,0
DA:149,0
DA:150,0
DA:152,0
DA:153,0
DA:154,0
DA:155,0
DA:156,0
DA:157,0
DA:160,0
BRDA:160,8,0,-
DA:161,0
DA:162,0
BRDA:162,9,0,-
BRDA:162,9,1,-
DA:168,0
FN:168,A0xRouter._requireGenuineSettler
FNDA:0,A0xRouter._requireGenuineSettler
DA:169,0
BRDA:169,10,0,-
BRDA:169,10,1,-
DA:177,0
FN:177,A0xRouter._validateSettlerCalldata
FNDA:0,A0xRouter._validateSettlerCalldata
DA:178,0
BRDA:178,11,0,-
BRDA:178,11,1,-
DA:180,0
BRDA:180,12,0,-
BRDA:180,12,1,-
DA:182,0
DA:183,0
BRDA:183,13,0,-
BRDA:183,13,1,-
DA:185,0
DA:186,0
FNF:9
FNH:0
LF:55
LH:0
BRF:24
BRH:0
end_of_record
TN:
SF:contracts/protocol/extensions/adapters/AGmxV2.sol
DA:39,0
FN:39,AGmxV2.constructor
FNDA:0,AGmxV2.constructor
DA:40,0
BRDA:40,0,0,-
BRDA:40,0,1,-
DA:41,0
DA:44,0
FN:44,AGmxV2.onlyDelegateCall
FNDA:0,AGmxV2.onlyDelegateCall
DA:45,0
BRDA:45,1,0,-
BRDA:45,1,1,-
DA:50,0
FN:50,AGmxV2.requiredVersion
FNDA:0,AGmxV2.requiredVersion
DA:51,0
DA:55,0
FN:55,AGmxV2.createIncreaseOrder
FNDA:0,AGmxV2.createIncreaseOrder
DA:58,0
DA:61,0
DA:69,0
DA:70,0
BRDA:70,2,0,-
BRDA:70,2,1,-
DA:72,0
BRDA:72,3,0,-
BRDA:72,3,1,-
DA:73,0
DA:76,0
DA:77,0
BRDA:77,4,0,-
DA:78,0
DA:82,0
DA:83,0
BRDA:83,5,0,-
BRDA:83,5,1,-
DA:85,0
DA:87,0
DA:89,0
BRDA:89,6,0,-
BRDA:89,6,1,-
DA:91,0
DA:92,0
DA:93,0
DA:95,0
DA:96,0
DA:100,0
DA:103,0
DA:135,0
DA:139,0
DA:141,0
DA:145,0
FN:145,AGmxV2.createDecreaseOrder
FNDA:0,AGmxV2.createDecreaseOrder
DA:148,0
DA:151,0
DA:152,0
BRDA:152,7,0,-
BRDA:152,7,1,-
DA:154,0
DA:155,0
BRDA:155,8,0,-
BRDA:155,8,1,-
DA:161,0
DA:162,0
DA:164,0
DA:198,0
DA:202,0
FN:202,AGmxV2.updateOrder
FNDA:0,AGmxV2.updateOrder
DA:211,0
DA:215,0
DA:216,0
BRDA:216,9,0,-
BRDA:216,9,1,-
DA:217,0
BRDA:217,10,0,-
DA:218,0
DA:219,0
DA:220,0
DA:223,0
DA:235,0
FN:235,AGmxV2.cancelOrder
FNDA:0,AGmxV2.cancelOrder
DA:236,0
DA:239,0
DA:243,0
FN:243,AGmxV2.claimFundingFees
FNDA:0,AGmxV2.claimFundingFees
DA:248,0
DA:250,0
DA:251,0
DA:253,0
DA:257,0
DA:258,0
BRDA:258,11,0,-
DA:259,0
DA:260,0
DA:261,0
DA:263,0
DA:264,0
DA:270,0
FN:270,AGmxV2.claimCollateral
FNDA:0,AGmxV2.claimCollateral
DA:276,0
DA:278,0
DA:279,0
DA:281,0
DA:284,0
DA:285,0
DA:286,0
DA:295,0
BRDA:295,12,0,-
DA:296,0
DA:297,0
DA:299,0
DA:300,0
DA:308,0
FN:308,AGmxV2._trackToken
FNDA:0,AGmxV2._trackToken
DA:309,0
BRDA:309,13,0,-
DA:310,0
DA:313,0
DA:317,0
FN:317,AGmxV2._trackMarket
FNDA:0,AGmxV2._trackMarket
DA:318,0
BRDA:318,14,0,-
DA:319,0
DA:320,0
DA:325,0
FN:325,AGmxV2._ensureWeth
FNDA:0,AGmxV2._ensureWeth
DA:326,0
DA:327,0
BRDA:327,15,0,-
DA:328,0
DA:329,0
BRDA:329,16,0,-
BRDA:329,16,1,-
DA:330,0
FNF:12
FNH:0
LF:93
LH:0
BRF:27
BRH:0
end_of_record
TN:
SF:contracts/protocol/extensions/adapters/AGovernance.sol
DA:24,0
FN:24,AGovernance.constructor
FNDA:0,AGovernance.constructor
DA:25,0
DA:26,0
DA:29,0
FN:29,AGovernance.onlyDelegateCall
FNDA:0,AGovernance.onlyDelegateCall
DA:30,0
BRDA:30,0,0,-
BRDA:30,0,1,-
DA:35,0
FN:35,AGovernance.propose
FNDA:0,AGovernance.propose
DA:39,0
DA:43,0
FN:43,AGovernance.castVote
FNDA:0,AGovernance.castVote
DA:44,0
DA:48,0
FN:48,AGovernance.execute
FNDA:0,AGovernance.execute
DA:49,0
DA:53,0
FN:53,AGovernance.requiredVersion
FNDA:0,AGovernance.requiredVersion
DA:54,0
DA:57,0
FN:57,AGovernance._getGovernance
FNDA:0,AGovernance._getGovernance
DA:58,0
FNF:7
FNH:0
LF:15
LH:0
BRF:2
BRH:0
end_of_record
TN:
SF:contracts/protocol/extensions/adapters/AHyperliquid.sol
DA:38,0
FN:38,AHyperliquid.constructor
FNDA:0,AHyperliquid.constructor
DA:39,0
BRDA:39,0,0,-
BRDA:39,0,1,-
DA:40,0
DA:43,0
FN:43,AHyperliquid.onlyDelegateCall
FNDA:0,AHyperliquid.onlyDelegateCall
DA:44,0
BRDA:44,1,0,-
BRDA:44,1,1,-
DA:49,0
FN:49,AHyperliquid.requiredVersion
FNDA:0,AHyperliquid.requiredVersion
DA:50,0
DA:54,0
FN:54,AHyperliquid.deposit
FNDA:0,AHyperliquid.deposit
DA:55,0
DA:59,0
FN:59,AHyperliquid.depositFor
FNDA:0,AHyperliquid.depositFor
DA:64,0
BRDA:64,2,0,-
BRDA:64,2,1,-
DA:65,0
DA:69,0
FN:69,AHyperliquid.sendRawAction
FNDA:0,AHyperliquid.sendRawAction
DA:70,0
BRDA:70,3,0,-
BRDA:70,3,1,-
DA:71,0
BRDA:71,4,0,-
BRDA:71,4,1,-
DA:72,0
BRDA:72,5,0,-
BRDA:72,5,1,-
DA:74,0
DA:75,0
DA:77,0
BRDA:77,6,0,-
BRDA:77,6,1,-
DA:78,0
DA:79,0
BRDA:79,7,0,-
BRDA:79,7,1,-
DA:80,0
DA:81,0
BRDA:81,8,0,-
BRDA:81,8,1,-
DA:82,0
DA:83,0
BRDA:83,9,0,-
BRDA:83,9,1,-
DA:84,0
DA:85,0
BRDA:85,10,0,-
BRDA:85,10,1,-
DA:86,0
DA:88,0
DA:91,0
DA:94,0
FN:94,AHyperliquid._bridgeUsdcToCore
FNDA:0,AHyperliquid._bridgeUsdcToCore
DA:95,0
BRDA:95,11,0,-
BRDA:95,11,1,-
DA:96,0
BRDA:96,12,0,-
BRDA:96,12,1,-
DA:98,0
DA:100,0
DA:101,0
DA:102,0
BRDA:102,13,0,-
DA:103,0
DA:106,0
DA:107,0
DA:108,0
DA:111,0
FN:111,AHyperliquid._placeLimitOrder
FNDA:0,AHyperliquid._placeLimitOrder
DA:112,0
DA:115,0
BRDA:115,14,0,-
BRDA:115,14,1,-
DA:116,0
DA:118,0
DA:121,0
FN:121,AHyperliquid._spotSend
FNDA:0,AHyperliquid._spotSend
DA:122,0
DA:124,0
BRDA:124,15,0,-
BRDA:124,15,1,-
DA:125,0
BRDA:125,16,0,-
BRDA:125,16,1,-
DA:126,0
BRDA:126,17,0,-
BRDA:126,17,1,-
DA:128,0
DA:129,0
DA:130,0
BRDA:130,18,0,-
BRDA:130,18,1,-
DA:132,0
DA:135,0
FN:135,AHyperliquid._transferUsdClass
FNDA:0,AHyperliquid._transferUsdClass
DA:136,0
DA:137,0
BRDA:137,19,0,-
BRDA:137,19,1,-
DA:140,0
BRDA:140,20,0,-
BRDA:140,20,1,-
DA:141,0
DA:144,0
FN:144,AHyperliquid._cancelOrderByOid
FNDA:0,AHyperliquid._cancelOrderByOid
DA:145,0
DA:146,0
DA:147,0
DA:150,0
FN:150,AHyperliquid._cancelOrderByCloid
FNDA:0,AHyperliquid._cancelOrderByCloid
DA:151,0
DA:152,0
DA:153,0
DA:156,0
FN:156,AHyperliquid._requireCorePerpAsset
FNDA:0,AHyperliquid._requireCorePerpAsset
DA:157,0
BRDA:157,21,0,-
BRDA:157,21,1,-
FNF:13
FNH:0
LF:70
LH:0
BRF:43
BRH:0
end_of_record
TN:
SF:contracts/protocol/extensions/adapters/AIntents.sol
DA:59,0
FN:59,AIntents.onlyDelegateCall
FNDA:0,AIntents.onlyDelegateCall
DA:60,0
BRDA:60,0,0,-
BRDA:60,0,1,-
DA:65,0
FN:65,AIntents.requiredVersion
FNDA:0,AIntents.requiredVersion
DA:66,0
DA:69,0
FN:69,AIntents.constructor
FNDA:0,AIntents.constructor
DA:70,0
DA:71,0
DA:75,0
FN:75,AIntents.depositV3
FNDA:0,AIntents.depositV3
DA:78,0
DA:81,0
BRDA:81,1,0,-
BRDA:81,1,1,-
DA:86,0
DA:91,0
BRDA:91,2,0,-
BRDA:91,2,1,-
DA:95,0
BRDA:95,3,0,-
BRDA:95,3,1,-
DA:101,0
DA:104,0
BRDA:104,4,0,-
BRDA:104,4,1,-
DA:111,0
DA:112,0
BRDA:112,5,0,-
DA:113,0
BRDA:113,6,0,-
BRDA:113,6,1,-
DA:114,0
DA:116,0
BRDA:116,7,0,-
BRDA:116,7,1,-
DA:119,0
BRDA:119,8,0,-
DA:120,0
DA:123,0
DA:124,0
DA:127,0
BRDA:127,9,0,-
DA:128,0
DA:135,0
FN:135,AIntents._buildMulticallInstructions
FNDA:0,AIntents._buildMulticallInstructions
DA:139,0
DA:140,0
DA:146,0
DA:153,0
DA:160,0
DA:170,0
DA:176,0
DA:184,0
FN:184,AIntents._executeAcrossDeposit
FNDA:0,AIntents._executeAcrossDeposit
DA:191,0
BRDA:191,10,0,-
BRDA:191,10,1,-
DA:192,0
DA:193,0
BRDA:193,11,0,-
BRDA:193,11,1,-
DA:194,0
DA:196,0
DA:204,0
DA:206,0
DA:221,0
DA:235,0
FN:235,AIntents._getOutputValueInBase
FNDA:0,AIntents._getOutputValueInBase
DA:239,0
DA:240,0
DA:245,0
FN:245,AIntents._handleSourceTransfer
FNDA:0,AIntents._handleSourceTransfer
DA:246,0
DA:247,0
BRDA:247,12,0,-
BRDA:247,12,1,-
DA:248,0
DA:249,0
DA:253,0
DA:256,0
DA:259,0
FNF:8
FNH:0
LF:54
LH:0
BRF:23
BRH:0
end_of_record
TN:
SF:contracts/protocol/extensions/adapters/AMulticall.sol
DA:14,0
FN:14,AMulticall.checkDeadline
FNDA:0,AMulticall.checkDeadline
DA:15,0
BRDA:15,0,0,-
BRDA:15,0,1,-
DA:19,0
FN:19,AMulticall.checkPreviousBlockhash
FNDA:0,AMulticall.checkPreviousBlockhash
DA:21,0
BRDA:21,1,0,-
BRDA:21,1,1,-
DA:26,0
FN:26,AMulticall.multicall.0
FNDA:0,AMulticall.multicall.0
DA:27,0
DA:28,0
DA:30,0
DA:32,0
BRDA:32,2,0,-
DA:35,0
DA:39,0
DA:44,0
FN:44,AMulticall.multicall.1
FNDA:0,AMulticall.multicall.1
DA:48,0
DA:52,0
FN:52,AMulticall.multicall.2
FNDA:0,AMulticall.multicall.2
DA:56,0
DA:60,0
FN:60,AMulticall.requiredVersion
FNDA:0,AMulticall.requiredVersion
DA:61,0
DA:66,0
FN:66,AMulticall._blockTimestamp
FNDA:0,AMulticall._blockTimestamp
DA:67,0
FNF:7
FNH:0
LF:19
LH:0
BRF:5
BRH:0
end_of_record
TN:
SF:contracts/protocol/extensions/adapters/AStaking.sol
DA:36,0
FN:36,AStaking.constructor
FNDA:0,AStaking.constructor
DA:41,0
DA:42,0
DA:43,0
DA:47,0
FN:47,AStaking.stake
FNDA:0,AStaking.stake
DA:48,0
BRDA:48,0,0,-
BRDA:48,0,1,-
DA:49,0
DA:50,0
DA:51,0
DA:54,0
DA:55,0
BRDA:55,1,0,-
BRDA:55,1,1,-
DA:56,0
DA:57,0
DA:59,0
DA:62,0
DA:63,0
DA:64,0
DA:65,0
DA:72,0
DA:76,0
FN:76,AStaking.undelegateStake
FNDA:0,AStaking.undelegateStake
DA:77,0
DA:78,0
DA:79,0
DA:87,0
FN:87,AStaking.unstake
FNDA:0,AStaking.unstake
DA:88,0
DA:92,0
FN:92,AStaking.withdrawDelegatorRewards
FNDA:0,AStaking.withdrawDelegatorRewards
DA:93,0
DA:94,0
DA:96,0
DA:97,0
DA:100,0
FN:100,AStaking._getGrgToken
FNDA:0,AStaking._getGrgToken
DA:101,0
DA:104,0
FN:104,AStaking._getGrgTransferProxy
FNDA:0,AStaking._getGrgTransferProxy
DA:105,0
DA:108,0
FN:108,AStaking._getStakingProxy
FNDA:0,AStaking._getStakingProxy
DA:109,0
FNF:8
FNH:0
LF:36
LH:0
BRF:4
BRH:0
end_of_record
TN:
SF:contracts/protocol/extensions/adapters/AUniswap.sol
DA:42,0
FN:42,AUniswap.constructor
FNDA:0,AUniswap.constructor
DA:43,0
DA:47,0
FN:47,AUniswap.requiredVersion
FNDA:0,AUniswap.requiredVersion
DA:48,0
DA:52,0
FN:52,AUniswap.unwrapWETH9.0
FNDA:0,AUniswap.unwrapWETH9.0
DA:53,0
DA:54,0
DA:58,0
FN:58,AUniswap.unwrapWETH9.1
FNDA:0,AUniswap.unwrapWETH9.1
DA:59,0
DA:60,0
DA:64,0
FN:64,AUniswap.wrapETH
FNDA:0,AUniswap.wrapETH
DA:65,0
BRDA:65,0,0,-
DA:66,0
DA:67,0
DA:71,0
FN:71,AUniswap._activateToken
FNDA:0,AUniswap._activateToken
DA:72,0
DA:75,0
FNF:6
FNH:0
LF:17
LH:0
BRF:1
BRH:0
end_of_record
TN:
SF:contracts/protocol/extensions/adapters/AUniswapDecoder.sol
DA:29,0
FN:29,AUniswapDecoder.constructor
FNDA:0,AUniswapDecoder.constructor
DA:30,0
DA:31,0
DA:45,0
FN:45,AUniswapDecoder._decodeInput
FNDA:0,AUniswapDecoder._decodeInput
DA:50,0
DA:53,0
BRDA:53,0,0,-
BRDA:53,0,1,-
DA:55,0
BRDA:55,1,0,-
BRDA:55,1,1,-
DA:57,0
BRDA:57,2,0,-
BRDA:57,2,1,-
DA:58,0
BRDA:58,3,0,-
BRDA:58,3,1,-
DA:60,0
DA:61,0
DA:62,0
DA:63,0
DA:65,0
DA:66,0
DA:67,0
DA:68,0
BRDA:68,4,0,-
BRDA:68,4,1,-
DA:70,0
DA:71,0
DA:72,0
DA:73,0
DA:75,0
DA:76,0
DA:77,0
DA:78,0
BRDA:78,5,0,-
BRDA:78,5,1,-
DA:79,0
DA:80,0
BRDA:80,6,0,-
BRDA:80,6,1,-
DA:81,0
DA:82,0
BRDA:82,7,0,-
BRDA:82,7,1,-
DA:85,0
DA:86,0
DA:87,0
DA:88,0
DA:89,0
BRDA:89,8,0,-
BRDA:89,8,1,-
DA:91,0
DA:92,0
DA:93,0
DA:94,0
DA:95,0
BRDA:95,9,0,-
BRDA:95,9,1,-
DA:97,0
DA:98,0
DA:99,0
DA:100,0
DA:101,0
BRDA:101,10,0,-
DA:103,0
DA:104,0
DA:105,0
DA:106,0
DA:110,0
BRDA:110,11,0,-
BRDA:110,11,1,-
DA:112,0
DA:113,0
DA:114,0
DA:115,0
DA:116,0
DA:117,0
DA:118,0
DA:119,0
BRDA:119,12,0,-
BRDA:119,12,1,-
DA:121,0
DA:122,0
DA:123,0
DA:125,0
BRDA:125,13,0,-
DA:126,0
DA:127,0
DA:128,0
DA:129,0
BRDA:129,14,0,-
BRDA:129,14,1,-
DA:130,0
DA:131,0
BRDA:131,15,0,-
BRDA:131,15,1,-
DA:132,0
DA:133,0
DA:134,0
DA:136,0
BRDA:136,16,0,-
DA:137,0
DA:139,0
DA:140,0
BRDA:140,17,0,-
BRDA:140,17,1,-
DA:142,0
DA:143,0
DA:144,0
DA:145,0
DA:146,0
BRDA:146,18,0,-
BRDA:146,18,1,-
DA:147,0
DA:148,0
BRDA:148,19,0,-
BRDA:148,19,1,-
DA:150,0
DA:153,0
DA:158,0
BRDA:158,20,0,-
BRDA:158,20,1,-
DA:161,0
DA:164,0
DA:165,0
DA:167,0
DA:168,0
DA:169,0
DA:171,0
BRDA:171,21,0,-
BRDA:171,21,1,-
DA:173,0
BRDA:173,22,0,-
BRDA:173,22,1,-
DA:174,0
DA:176,0
DA:179,0
DA:180,0
BRDA:180,23,0,-
BRDA:180,23,1,-
DA:181,0
DA:183,0
DA:187,0
DA:188,0
BRDA:188,24,0,-
BRDA:188,24,1,-
DA:189,0
DA:194,0
BRDA:194,25,0,-
DA:195,0
DA:196,0
DA:200,0
DA:201,0
BRDA:201,26,0,-
BRDA:201,26,1,-
DA:202,0
DA:204,0
DA:208,0
DA:210,0
DA:213,0
BRDA:213,27,0,-
BRDA:213,27,1,-
DA:215,0
DA:216,0
DA:217,0
DA:218,0
BRDA:218,28,0,-
BRDA:218,28,1,-
DA:219,0
DA:220,0
DA:221,0
DA:222,0
BRDA:222,29,0,-
BRDA:222,29,1,-
DA:224,0
DA:225,0
DA:226,0
DA:227,0
BRDA:227,30,0,-
BRDA:227,30,1,-
DA:228,0
DA:230,0
DA:231,0
DA:232,0
DA:233,0
BRDA:233,31,0,-
BRDA:233,31,1,-
DA:234,0
DA:236,0
DA:237,0
DA:238,0
DA:240,0
DA:244,0
BRDA:244,32,0,-
BRDA:244,32,1,-
DA:245,0
DA:246,0
BRDA:246,33,0,-
BRDA:246,33,1,-
DA:247,0
DA:248,0
BRDA:248,34,0,-
BRDA:248,34,1,-
DA:250,0
DA:253,0
DA:258,0
BRDA:258,35,0,-
BRDA:258,35,1,-
DA:259,0
DA:262,0
DA:264,0
DA:265,0
DA:269,0
DA:272,0
DA:284,0
FN:284,AUniswapDecoder._decodePosmAction
FNDA:0,AUniswapDecoder._decodePosmAction
DA:290,0
BRDA:290,36,0,-
BRDA:290,36,1,-
DA:291,0
BRDA:291,37,0,-
BRDA:291,37,1,-
DA:293,0
DA:294,0
DA:295,0
DA:297,0
BRDA:297,38,0,-
BRDA:297,38,1,-
DA:298,0
DA:300,0
BRDA:300,39,0,-
DA:301,0
DA:306,0
DA:307,0
DA:309,0
DA:310,0
DA:311,0
BRDA:311,40,0,-
BRDA:311,40,1,-
DA:312,0
DA:313,0
BRDA:313,41,0,-
BRDA:313,41,1,-
DA:315,0
DA:317,0
DA:318,0
DA:319,0
BRDA:319,42,0,-
BRDA:319,42,1,-
DA:321,0
DA:325,0
DA:326,0
DA:328,0
DA:329,0
DA:330,0
DA:331,0
DA:332,0
DA:333,0
DA:334,0
BRDA:334,43,0,-
BRDA:334,43,1,-
DA:335,0
DA:336,0
BRDA:336,44,0,-
BRDA:336,44,1,-
DA:338,0
DA:340,0
DA:341,0
DA:343,0
DA:346,0
BRDA:346,45,0,-
BRDA:346,45,1,-
DA:347,0
DA:348,0
DA:349,0
DA:350,0
DA:351,0
BRDA:351,46,0,-
BRDA:351,46,1,-
DA:352,0
DA:354,0
DA:355,0
DA:356,0
DA:357,0
DA:358,0
BRDA:358,47,0,-
BRDA:358,47,1,-
DA:360,0
DA:361,0
BRDA:361,48,0,-
BRDA:361,48,1,-
DA:362,0
DA:363,0
DA:364,0
DA:365,0
DA:366,0
BRDA:366,49,0,-
BRDA:366,49,1,-
DA:367,0
DA:368,0
DA:369,0
DA:370,0
BRDA:370,50,0,-
BRDA:370,50,1,-
DA:371,0
DA:372,0
DA:373,0
DA:374,0
BRDA:374,51,0,-
BRDA:374,51,1,-
DA:375,0
DA:376,0
DA:377,0
DA:378,0
DA:379,0
BRDA:379,52,0,-
BRDA:379,52,1,-
DA:381,0
DA:382,0
DA:383,0
BRDA:383,53,0,-
DA:384,0
DA:386,0
DA:387,0
BRDA:387,54,0,-
BRDA:387,54,1,-
DA:388,0
DA:389,0
DA:391,0
DA:396,0
FN:396,AUniswapDecoder._addUnique
FNDA:0,AUniswapDecoder._addUnique
DA:398,0
DA:400,0
DA:401,0
BRDA:401,55,0,-
DA:402,0
DA:405,0
DA:406,0
DA:407,0
DA:409,0
DA:410,0
DA:414,0
FN:414,AUniswapDecoder._addUniquePosition
FNDA:0,AUniswapDecoder._addUniquePosition
DA:416,0
DA:418,0
DA:419,0
BRDA:419,56,0,-
DA:420,0
DA:423,0
DA:424,0
DA:425,0
DA:428,0
DA:429,0
FNF:5
FNH:0
LF:245
LH:0
BRF:106
BRH:0
end_of_record
TN:
SF:contracts/protocol/extensions/adapters/AUniswapRouter.sol
DA:49,0
FN:49,AUniswapRouter.constructor
FNDA:0,AUniswapRouter.constructor
DA:50,0
DA:51,0
DA:52,0
DA:55,0
FN:55,AUniswapRouter.checkDeadline
FNDA:0,AUniswapRouter.checkDeadline
DA:56,0
BRDA:56,0,0,-
BRDA:56,0,1,-
DA:60,0
FN:60,AUniswapRouter.onlyDelegateCall
FNDA:0,AUniswapRouter.onlyDelegateCall
DA:61,0
BRDA:61,1,0,-
BRDA:61,1,1,-
DA:66,0
FN:66,AUniswapRouter.requiredVersion
FNDA:0,AUniswapRouter.requiredVersion
DA:67,0
DA:71,0
FN:71,AUniswapRouter.execute.0
FNDA:0,AUniswapRouter.execute.0
DA:76,0
DA:80,0
FN:80,AUniswapRouter.execute.1
FNDA:0,AUniswapRouter.execute.1
DA:82,0
DA:84,0
DA:85,0
DA:88,0
DA:90,0
DA:93,0
DA:94,0
DA:95,0
DA:98,0
BRDA:98,2,0,-
DA:99,0
DA:100,0
BRDA:100,2,1,-
DA:101,0
DA:102,0
BRDA:102,2,2,-
DA:103,0
BRDA:103,3,0,-
DA:104,0
DA:107,0
DA:115,0
FN:115,AUniswapRouter.modifyLiquidities
FNDA:0,AUniswapRouter.modifyLiquidities
DA:116,0
DA:119,0
DA:121,0
DA:122,0
DA:123,0
DA:124,0
DA:126,0
DA:127,0
DA:133,0
BRDA:133,4,0,-
DA:134,0
DA:138,0
DA:139,0
DA:140,0
DA:143,0
DA:145,0
BRDA:145,5,0,-
DA:146,0
DA:149,0
BRDA:149,6,0,-
DA:150,0
DA:151,0
DA:152,0
BRDA:152,6,1,-
DA:153,0
DA:154,0
BRDA:154,6,2,-
DA:155,0
BRDA:155,7,0,-
DA:156,0
DA:159,0
DA:165,0
FN:165,AUniswapRouter._assertTokensOutHavePriceFeed
FNDA:0,AUniswapRouter._assertTokensOutHavePriceFeed
DA:167,0
DA:169,0
DA:171,0
DA:176,0
FN:176,AUniswapRouter._safeApproveTokensIn
FNDA:0,AUniswapRouter._safeApproveTokensIn
DA:177,0
DA:179,0
BRDA:179,8,0,-
DA:180,0
DA:184,0
BRDA:184,9,0,-
DA:185,0
DA:189,0
DA:194,0
FN:194,AUniswapRouter._processTokenIds
FNDA:0,AUniswapRouter._processTokenIds
DA:199,0
DA:202,0
BRDA:202,10,0,-
DA:203,0
DA:206,0
DA:208,0
BRDA:208,11,0,-
DA:209,0
DA:210,0
DA:213,0
BRDA:213,12,0,-
DA:215,0
DA:218,0
DA:219,0
DA:221,0
DA:226,0
BRDA:226,13,0,-
BRDA:226,13,1,-
DA:229,0
BRDA:229,14,0,-
DA:230,0
DA:231,0
BRDA:231,15,0,-
BRDA:231,15,1,-
DA:234,0
BRDA:234,16,0,-
DA:235,0
DA:238,0
DA:243,0
BRDA:243,17,0,-
BRDA:243,17,1,-
DA:248,0
DA:251,0
BRDA:251,18,0,-
BRDA:251,18,1,-
DA:253,0
BRDA:253,19,0,-
BRDA:253,19,1,-
DA:255,0
BRDA:255,20,0,-
BRDA:255,20,1,-
DA:256,0
DA:257,0
BRDA:257,21,0,-
BRDA:257,21,1,-
DA:258,0
DA:259,0
DA:260,0
DA:262,0
BRDA:262,22,0,-
DA:263,0
DA:264,0
DA:265,0
DA:268,0
DA:269,0
DA:271,0
DA:274,0
BRDA:274,23,0,-
DA:276,0
DA:278,0
DA:281,0
DA:290,0
FN:290,AUniswapRouter._processRecipients
FNDA:0,AUniswapRouter._processRecipients
DA:291,0
DA:292,0
BRDA:292,24,0,-
BRDA:292,24,1,-
FNF:11
FNH:0
LF:110
LH:0
BRF:39
BRH:0
end_of_record
TN:
SF:contracts/protocol/libraries/ApplicationsLib.sol
DA:18,0
FN:18,ApplicationsLib.storeApplication
FNDA:0,ApplicationsLib.storeApplication
DA:19,0
BRDA:19,0,0,-
BRDA:19,0,1,-
DA:20,0
DA:21,0
DA:27,0
FN:27,ApplicationsLib.removeApplication
FNDA:0,ApplicationsLib.removeApplication
DA:28,0
BRDA:28,1,0,-
BRDA:28,1,1,-
DA:29,0
DA:30,0
DA:37,0
FN:37,ApplicationsLib.isActiveApplication
FNDA:0,ApplicationsLib.isActiveApplication
DA:38,0
BRDA:38,2,0,-
BRDA:38,2,1,-
DA:39,0
DA:40,0
DA:49,0
FN:49,ApplicationsLib.shouldQueryApp
FNDA:0,ApplicationsLib.shouldQueryApp
DA:50,0
BRDA:50,3,0,-
DA:51,0
FNF:4
FNH:0
LF:15
LH:0
BRF:7
BRH:0
end_of_record
TN:
SF:contracts/protocol/libraries/CrosschainLib.sol
DA:25,0
FN:25,CrosschainLib.isAllowedCrosschainToken
FNDA:0,CrosschainLib.isAllowedCrosschainToken
DA:26,0
BRDA:26,0,0,-
BRDA:26,0,1,-
DA:28,0
DA:29,0
DA:30,0
DA:31,0
DA:32,0
DA:33,0
BRDA:33,1,0,-
BRDA:33,1,1,-
DA:35,0
DA:36,0
DA:37,0
DA:38,0
DA:39,0
DA:40,0
BRDA:40,2,0,-
BRDA:40,2,1,-
DA:42,0
DA:43,0
DA:44,0
DA:45,0
DA:46,0
DA:47,0
BRDA:47,3,0,-
BRDA:47,3,1,-
DA:49,0
DA:50,0
DA:51,0
DA:52,0
DA:53,0
BRDA:53,4,0,-
BRDA:53,4,1,-
DA:55,0
DA:56,0
DA:57,0
DA:58,0
DA:59,0
DA:60,0
BRDA:60,5,0,-
BRDA:60,5,1,-
DA:62,0
DA:63,0
DA:64,0
DA:65,0
DA:66,0
BRDA:66,6,0,-
BRDA:66,6,1,-
DA:68,0
DA:69,0
BRDA:69,7,0,-
DA:71,0
DA:73,0
DA:82,0
FN:82,CrosschainLib.applyBscDecimalConversion
FNDA:0,CrosschainLib.applyBscDecimalConversion
DA:88,0
BRDA:88,8,0,-
DA:89,0
DA:93,0
BRDA:93,9,0,-
DA:94,0
DA:98,0
DA:105,0
FN:105,CrosschainLib.getAcrossHandler
FNDA:0,CrosschainLib.getAcrossHandler
DA:106,0
BRDA:106,10,0,-
BRDA:106,10,1,-
DA:107,0
DA:108,0
BRDA:108,11,0,-
BRDA:108,11,1,-
DA:109,0
DA:111,0
DA:119,0
FN:119,CrosschainLib.validateBridgeableTokenPair
FNDA:0,CrosschainLib.validateBridgeableTokenPair
DA:123,0
BRDA:123,12,0,-
BRDA:123,12,1,-
DA:124,0
DA:125,0
DA:126,0
DA:127,0
DA:128,0
DA:129,0
DA:130,0
DA:131,0
DA:133,0
BRDA:133,13,0,-
BRDA:133,13,1,-
DA:144,0
BRDA:144,14,0,-
BRDA:144,14,1,-
DA:145,0
DA:146,0
DA:147,0
DA:148,0
DA:149,0
DA:150,0
DA:152,0
BRDA:152,15,0,-
BRDA:152,15,1,-
DA:161,0
BRDA:161,16,0,-
BRDA:161,16,1,-
DA:162,0
DA:163,0
DA:164,0
DA:165,0
DA:166,0
DA:167,0
DA:168,0
DA:170,0
BRDA:170,17,0,-
BRDA:170,17,1,-
DA:180,0
BRDA:180,18,0,-
BRDA:180,18,1,-
DA:181,0
DA:182,0
DA:183,0
DA:184,0
DA:187,0
BRDA:187,19,0,-
BRDA:187,19,1,-
DA:195,0
FNF:4
FNH:0
LF:87
LH:0
BRF:37
BRH:0
end_of_record
TN:
SF:contracts/protocol/libraries/DelegationLib.sol
DA:31,0
FN:31,DelegationLib.add
FNDA:0,DelegationLib.add
DA:32,0
BRDA:32,0,0,-
DA:35,0
DA:36,0
DA:39,0
DA:40,0
DA:42,0
DA:47,0
FN:47,DelegationLib.remove
FNDA:0,DelegationLib.remove
DA:48,0
DA:49,0
BRDA:49,1,0,-
DA:52,0
DA:53,0
DA:54,0
DA:56,0
BRDA:56,2,0,-
DA:57,0
DA:58,0
DA:59,0
DA:61,0
DA:65,0
DA:66,0
DA:67,0
DA:68,0
DA:70,0
BRDA:70,3,0,-
DA:71,0
DA:72,0
DA:73,0
DA:75,0
DA:78,0
DA:83,0
FN:83,DelegationLib.removeAllByAddress
FNDA:0,DelegationLib.removeAllByAddress
DA:84,0
DA:85,0
DA:87,0
DA:88,0
DA:91,0
DA:92,0
DA:93,0
DA:94,0
DA:96,0
BRDA:96,4,0,-
DA:97,0
DA:98,0
DA:99,0
DA:101,0
DA:111,0
FN:111,DelegationLib.removeAllBySelector
FNDA:0,DelegationLib.removeAllBySelector
DA:112,0
DA:113,0
DA:115,0
DA:116,0
DA:119,0
DA:120,0
DA:121,0
DA:122,0
DA:124,0
BRDA:124,5,0,-
DA:125,0
DA:126,0
DA:127,0
DA:129,0
DA:142,0
FN:142,DelegationLib.getAddresses
FNDA:0,DelegationLib.getAddresses
DA:143,0
DA:147,0
FN:147,DelegationLib.getSelectors
FNDA:0,DelegationLib.getSelectors
DA:148,0
FNF:6
FNH:0
LF:60
LH:0
BRF:6
BRH:0
end_of_record
TN:
SF:contracts/protocol/libraries/EnumerableSet.sol
DA:56,0
FN:56,EnumerableSet.addUnique
FNDA:0,EnumerableSet.addUnique
DA:62,0
BRDA:62,0,0,-
DA:64,0
DA:65,0
DA:67,0
BRDA:67,1,0,-
DA:68,0
BRDA:68,2,0,-
BRDA:68,2,1,-
DA:69,0
BRDA:69,3,0,-
BRDA:69,3,1,-
DA:70,0
DA:71,0
DA:72,0
DA:76,0
FN:76,EnumerableSet.remove.0
FNDA:0,EnumerableSet.remove.0
DA:77,0
DA:79,0
BRDA:79,4,0,-
DA:81,0
DA:82,0
DA:84,0
BRDA:84,5,0,-
DA:85,0
DA:88,0
DA:90,0
DA:94,0
DA:97,0
DA:100,0
DA:101,0
DA:105,0
FN:105,EnumerableSet.isActive
FNDA:0,EnumerableSet.isActive
DA:106,0
DA:107,0
DA:110,0
FN:110,EnumerableSet.add
FNDA:0,EnumerableSet.add
DA:111,0
BRDA:111,6,0,-
DA:112,0
BRDA:112,7,0,-
BRDA:112,7,1,-
DA:113,0
DA:114,0
DA:118,0
FN:118,EnumerableSet.remove.1
FNDA:0,EnumerableSet.remove.1
DA:119,0
DA:120,0
BRDA:120,8,0,-
DA:121,0
DA:122,0
DA:123,0
BRDA:123,9,0,-
DA:124,0
DA:125,0
DA:126,0
DA:128,0
DA:129,0
DA:133,0
FN:133,EnumerableSet.contains
FNDA:0,EnumerableSet.contains
DA:134,0
DA:135,0
DA:138,0
FN:138,EnumerableSet.length
FNDA:0,EnumerableSet.length
DA:139,0
DA:142,0
FN:142,EnumerableSet.at
FNDA:0,EnumerableSet.at
DA:143,0
FNF:8
FNH:0
LF:49
LH:0
BRF:13
BRH:0
end_of_record
TN:
SF:contracts/protocol/libraries/EscrowFactory.sol
DA:22,0
FN:22,EscrowFactory.getEscrowAddress
FNDA:0,EscrowFactory.getEscrowAddress
DA:23,0
DA:24,0
DA:28,0
DA:36,0
FN:36,EscrowFactory.deployEscrow
FNDA:0,EscrowFactory.deployEscrow
DA:37,0
DA:41,0
BRDA:41,0,0,-
DA:42,0
DA:46,0
DA:47,0
DA:48,0
BRDA:48,1,0,-
BRDA:48,1,1,-
DA:50,0
DA:54,0
FN:54,EscrowFactory._getSalt
FNDA:0,EscrowFactory._getSalt
DA:56,0
DA:60,0
FN:60,EscrowFactory._getBytecodeHash
FNDA:0,EscrowFactory._getBytecodeHash
DA:62,0
FNF:4
FNH:0
LF:16
LH:0
BRF:3
BRH:0
end_of_record
TN:
SF:contracts/protocol/libraries/GmxAdapterLib.sol
DA:23,0
FN:23,GmxAdapterLib.assertRouterAuthorized
FNDA:0,GmxAdapterLib.assertRouterAuthorized
DA:24,0
BRDA:24,0,0,-
BRDA:24,0,1,-
DA:30,0
FN:30,GmxAdapterLib.computeExecutionFee
FNDA:0,GmxAdapterLib.computeExecutionFee
DA:31,0
DA:32,0
DA:33,0
DA:34,0
DA:35,0
DA:36,0
DA:38,0
DA:41,0
FN:41,GmxAdapterLib.getPnlToken
FNDA:0,GmxAdapterLib.getPnlToken
DA:42,0
DA:43,0
DA:46,0
FN:46,GmxAdapterLib.getMarketIndexToken
FNDA:0,GmxAdapterLib.getMarketIndexToken
DA:47,0
DA:50,0
FN:50,GmxAdapterLib.isIndexTokenPriced
FNDA:0,GmxAdapterLib.isIndexTokenPriced
DA:51,0
BRDA:51,1,0,-
DA:52,0
BRDA:52,2,0,-
DA:55,0
DA:56,0
BRDA:56,2,1,-
DA:57,0
DA:61,0
FN:61,GmxAdapterLib.assertPositionLimitNotReached
FNDA:0,GmxAdapterLib.assertPositionLimitNotReached
DA:67,0
DA:68,0
BRDA:68,3,0,-
DA:69,0
DA:72,0
BRDA:72,4,0,-
BRDA:72,4,1,-
DA:79,0
FN:79,GmxAdapterLib.isMarketActive
FNDA:0,GmxAdapterLib.isMarketActive
DA:80,0
DA:86,0
DA:87,0
BRDA:87,5,0,-
DA:89,0
DA:92,0
FN:92,GmxAdapterLib.hasClaimableFundingFees
FNDA:0,GmxAdapterLib.hasClaimableFundingFees
DA:93,0
DA:94,0
BRDA:94,6,0,-
DA:95,0
BRDA:95,7,0,-
DA:96,0
DA:97,0
DA:99,0
DA:101,0
DA:104,0
FN:104,GmxAdapterLib.claimableCollateralAmount
FNDA:0,GmxAdapterLib.claimableCollateralAmount
DA:105,0
DA:108,0
BRDA:108,8,0,-
DA:109,0
FNF:9
FNH:0
LF:43
LH:0
BRF:12
BRH:0
end_of_record
TN:
SF:contracts/protocol/libraries/GmxCallbackLib.sol
DA:40,0
FN:40,GmxCallbackLib.gmxCallbackData
FNDA:0,GmxCallbackLib.gmxCallbackData
DA:41,0
DA:43,0
DA:48,0
FN:48,GmxCallbackLib.addTrackedMarket
FNDA:0,GmxCallbackLib.addTrackedMarket
DA:49,0
DA:53,0
FN:53,GmxCallbackLib.removeTrackedMarket
FNDA:0,GmxCallbackLib.removeTrackedMarket
DA:54,0
DA:58,0
FN:58,GmxCallbackLib.containsTrackedMarket
FNDA:0,GmxCallbackLib.containsTrackedMarket
DA:59,0
DA:63,0
FN:63,GmxCallbackLib.trackedMarketsCount
FNDA:0,GmxCallbackLib.trackedMarketsCount
DA:64,0
DA:68,0
FN:68,GmxCallbackLib.trackedMarketAt
FNDA:0,GmxCallbackLib.trackedMarketAt
DA:69,0
DA:73,0
FN:73,GmxCallbackLib.removeClaimableCollateralKey
FNDA:0,GmxCallbackLib.removeClaimableCollateralKey
DA:74,0
DA:75,0
BRDA:75,0,0,-
DA:76,0
DA:81,0
FN:81,GmxCallbackLib._addressToBytes32
FNDA:0,GmxCallbackLib._addressToBytes32
DA:82,0
DA:85,0
FN:85,GmxCallbackLib._bytes32ToAddress
FNDA:0,GmxCallbackLib._bytes32ToAddress
DA:86,0
FNF:9
FNH:0
LF:21
LH:0
BRF:1
BRH:0
end_of_record
TN:
SF:contracts/protocol/libraries/GmxLib.sol
DA:35,0
FN:35,GmxLib.getGmxPositionBalances
FNDA:0,GmxLib.getGmxPositionBalances
DA:36,0
DA:37,0
DA:38,0
DA:40,0
DA:41,0
BRDA:41,0,0,-
DA:43,0
DA:44,0
DA:45,0
DA:46,0
DA:52,0
FN:52,GmxLib.getGmxPrice
FNDA:0,GmxLib.getGmxPrice
DA:53,0
BRDA:53,1,0,-
DA:56,0
DA:57,0
BRDA:57,1,1,-
DA:58,0
DA:62,0
FN:62,GmxLib._getExecutedPositionBalances
FNDA:0,GmxLib._getExecutedPositionBalances
DA:63,0
DA:69,0
BRDA:69,2,0,-
DA:71,0
DA:75,0
DA:77,0
BRDA:77,3,0,-
DA:79,0
DA:82,0
FN:82,GmxLib._buildPositionBalances
FNDA:0,GmxLib._buildPositionBalances
DA:87,0
DA:88,0
DA:89,0
DA:90,0
DA:92,0
DA:93,0
DA:94,0
DA:98,0
FN:98,GmxLib._fetchPositionInfos
FNDA:0,GmxLib._fetchPositionInfos
DA:110,0
DA:111,0
DA:112,0
DA:113,0
DA:115,0
DA:116,0
DA:118,0
DA:119,0
DA:120,0
DA:122,0
DA:123,0
DA:127,0
DA:128,0
DA:129,0
DA:130,0
DA:131,0
DA:132,0
DA:133,0
DA:136,0
BRDA:136,4,0,-
DA:137,0
DA:148,0
DA:152,0
FN:152,GmxLib._findAddress
FNDA:0,GmxLib._findAddress
DA:153,0
DA:154,0
BRDA:154,5,0,-
DA:156,0
DA:159,0
FN:159,GmxLib._cachedTokenPrice
FNDA:0,GmxLib._cachedTokenPrice
DA:164,0
DA:165,0
BRDA:165,6,0,-
DA:166,0
DA:169,0
DA:170,0
DA:171,0
DA:174,0
FN:174,GmxLib._getClaimableBalances
FNDA:0,GmxLib._getClaimableBalances
DA:175,0
DA:176,0
DA:177,0
DA:178,0
BRDA:178,7,0,-
DA:180,0
DA:181,0
DA:183,0
DA:184,0
DA:185,0
DA:186,0
BRDA:186,8,0,-
DA:187,0
DA:188,0
BRDA:188,8,1,-
DA:189,0
DA:192,0
DA:193,0
BRDA:193,9,0,-
DA:194,0
DA:197,0
BRDA:197,10,0,-
DA:198,0
DA:199,0
BRDA:199,11,0,-
DA:200,0
DA:205,0
DA:206,0
DA:207,0
DA:208,0
DA:209,0
BRDA:209,12,0,-
DA:210,0
DA:214,0
DA:215,0
DA:216,0
DA:220,0
FN:220,GmxLib._getPendingOrderBalances
FNDA:0,GmxLib._getPendingOrderBalances
DA:221,0
DA:222,0
BRDA:222,13,0,-
DA:225,0
DA:226,0
BRDA:226,13,1,-
DA:227,0
DA:230,0
DA:231,0
BRDA:231,14,0,-
DA:233,0
DA:234,0
DA:236,0
DA:237,0
DA:238,0
DA:240,0
DA:241,0
DA:242,0
DA:244,0
BRDA:244,15,0,-
DA:245,0
DA:248,0
BRDA:248,16,0,-
DA:249,0
DA:253,0
DA:254,0
DA:255,0
DA:259,0
FN:259,GmxLib._appendGmxPosBalances
FNDA:0,GmxLib._appendGmxPosBalances
DA:266,0
DA:267,0
DA:269,0
BRDA:269,17,0,-
DA:270,0
DA:273,0
DA:274,0
BRDA:274,18,0,-
DA:275,0
DA:278,0
DA:279,0
BRDA:279,19,0,-
DA:280,0
DA:283,0
DA:286,0
FN:286,GmxLib._computeGmxNetCollateral
FNDA:0,GmxLib._computeGmxNetCollateral
DA:290,0
DA:294,0
BRDA:294,20,0,-
DA:295,0
DA:298,0
DA:300,0
DA:308,0
FN:308,GmxLib._getPnlCollaterals
FNDA:0,GmxLib._getPnlCollaterals
DA:312,0
DA:313,0
DA:316,0
FN:316,GmxLib._usdToCollateral
FNDA:0,GmxLib._usdToCollateral
DA:317,0
BRDA:317,21,0,-
BRDA:317,21,1,-
DA:318,0
DA:319,0
BRDA:319,22,0,-
DA:320,0
DA:322,0
DA:325,0
FN:325,GmxLib._collateralOnlyBalances
FNDA:0,GmxLib._collateralOnlyBalances
DA:328,0
DA:329,0
DA:330,0
DA:337,0
FN:337,GmxLib._ceilDiv
FNDA:0,GmxLib._ceilDiv
DA:338,0
BRDA:338,23,0,-
DA:339,0
DA:342,0
FN:342,GmxLib._copyBalances
FNDA:0,GmxLib._copyBalances
DA:347,0
DA:348,0
DA:350,0
FNF:16
FNH:0
LF:154
LH:0
BRF:28
BRH:0
end_of_record
TN:
SF:contracts/protocol/libraries/HyperliquidLib.sol
DA:30,0
FN:30,HyperliquidLib.getHyperliquidBalances
FNDA:0,HyperliquidLib.getHyperliquidBalances
DA:32,0
DA:37,0
DA:38,0
DA:40,0
DA:42,0
DA:43,0
BRDA:43,0,0,-
DA:44,0
DA:47,0
BRDA:47,1,0,-
DA:48,0
BRDA:48,2,0,-
BRDA:48,2,1,-
DA:49,0
DA:51,0
DA:55,0
DA:56,0
DA:59,0
FN:59,HyperliquidLib.recordAction
FNDA:0,HyperliquidLib.recordAction
DA:60,0
DA:61,0
DA:66,0
BRDA:66,3,0,-
DA:67,0
DA:68,0
DA:69,0
DA:71,0
DA:73,0
BRDA:73,4,0,-
BRDA:73,4,1,-
DA:74,0
DA:75,0
DA:77,0
DA:83,0
FN:83,HyperliquidLib._hasRecentAction
FNDA:0,HyperliquidLib._hasRecentAction
DA:84,0
DA:85,0
DA:89,0
FN:89,HyperliquidLib._composeBlockNumber
FNDA:0,HyperliquidLib._composeBlockNumber
DA:90,0
DA:93,0
FN:93,HyperliquidLib._l1BlockNumber
FNDA:0,HyperliquidLib._l1BlockNumber
DA:94,0
DA:105,0
FN:105,HyperliquidLib.assertNavUnlocked
FNDA:0,HyperliquidLib.assertNavUnlocked
DA:106,0
DA:107,0
BRDA:107,5,0,-
DA:108,0
BRDA:108,6,0,-
DA:109,0
BRDA:109,7,0,-
BRDA:109,7,1,-
FNF:6
FNH:0
LF:38
LH:0
BRF:11
BRH:0
end_of_record
TN:
SF:contracts/protocol/libraries/NavImpactLib.sol
DA:33,0
FN:33,NavImpactLib.validateNavImpact
FNDA:0,NavImpactLib.validateNavImpact
DA:35,0
DA:36,0
DA:37,0
DA:40,0
DA:41,0
DA:42,0
BRDA:42,0,0,-
DA:43,0
DA:46,0
DA:49,0
BRDA:49,1,0,-
DA:50,0
DA:54,0
DA:55,0
BRDA:55,2,0,-
BRDA:55,2,1,-
DA:56,0
DA:59,0
DA:63,0
DA:64,0
DA:67,0
BRDA:67,3,0,-
BRDA:67,3,1,-
DA:71,0
FN:71,NavImpactLib.validateSupply
FNDA:0,NavImpactLib.validateSupply
DA:72,0
BRDA:72,4,0,-
DA:73,0
BRDA:73,5,0,-
DA:74,0
FNF:2
FNH:0
LF:22
LH:0
BRF:8
BRH:0
end_of_record
TN:
SF:contracts/protocol/libraries/NavView.sol
DA:51,0
FN:51,NavView.getAppTokenBalances
FNDA:0,NavView.getAppTokenBalances
DA:56,0
DA:58,0
DA:59,0
DA:60,0
DA:61,0
DA:64,0
DA:65,0
BRDA:65,0,0,-
DA:67,0
BRDA:67,1,0,-
BRDA:67,1,1,-
DA:68,0
DA:69,0
BRDA:69,2,0,-
BRDA:69,2,1,-
DA:70,0
DA:71,0
BRDA:71,3,0,-
BRDA:71,3,1,-
DA:72,0
DA:73,0
BRDA:73,4,0,-
BRDA:73,4,1,-
DA:74,0
DA:76,0
DA:79,0
DA:83,0
DA:84,0
DA:86,0
DA:87,0
DA:88,0
DA:93,0
DA:95,0
DA:98,0
DA:99,0
DA:101,0
DA:102,0
BRDA:102,5,0,-
DA:103,0
DA:104,0
DA:105,0
DA:109,0
BRDA:109,6,0,-
DA:110,0
DA:116,0
DA:119,0
DA:122,0
FN:122,NavView.getNavData
FNDA:0,NavView.getNavData
DA:128,0
DA:131,0
DA:132,0
DA:135,0
DA:138,0
DA:139,0
DA:140,0
BRDA:140,7,0,-
BRDA:140,7,1,-
DA:141,0
DA:142,0
BRDA:142,8,0,-
DA:143,0
DA:147,0
BRDA:147,9,0,-
DA:148,0
DA:149,0
DA:150,0
DA:152,0
DA:153,0
BRDA:153,10,0,-
DA:154,0
DA:155,0
DA:156,0
DA:161,0
BRDA:161,11,0,-
DA:162,0
DA:163,0
BRDA:163,11,1,-
DA:165,0
DA:170,0
DA:171,0
DA:172,0
DA:175,0
DA:176,0
BRDA:176,12,0,-
BRDA:176,12,1,-
DA:178,0
DA:179,0
BRDA:179,13,0,-
BRDA:179,13,1,-
DA:180,0
DA:184,0
DA:188,0
BRDA:188,14,0,-
DA:189,0
DA:192,0
DA:200,0
FN:200,NavView._getTokensAndBalances
FNDA:0,NavView._getTokensAndBalances
DA:206,0
DA:207,0
DA:210,0
DA:211,0
DA:212,0
DA:213,0
DA:216,0
DA:217,0
DA:221,0
DA:222,0
DA:227,0
DA:228,0
BRDA:228,15,0,-
BRDA:228,15,1,-
DA:229,0
DA:230,0
BRDA:230,16,0,-
DA:231,0
DA:234,0
DA:235,0
BRDA:235,17,0,-
BRDA:235,17,1,-
DA:236,0
DA:238,0
DA:241,0
DA:242,0
DA:243,0
BRDA:243,18,0,-
DA:244,0
DA:245,0
DA:246,0
DA:250,0
BRDA:250,19,0,-
DA:251,0
DA:257,0
DA:260,0
DA:263,0
FN:263,NavView._getGrgStakingProxyBalances
FNDA:0,NavView._getGrgStakingProxyBalances
DA:268,0
BRDA:268,20,0,-
DA:270,0
DA:273,0
BRDA:273,21,0,-
DA:274,0
DA:275,0
DA:276,0
DA:277,0
DA:282,0
FN:282,NavView._getUniV4PmBalances
FNDA:0,NavView._getUniV4PmBalances
DA:287,0
DA:288,0
DA:289,0
DA:292,0
DA:293,0
DA:298,0
DA:305,0
DA:306,0
DA:307,0
DA:308,0
DA:315,0
FN:315,NavView._findCrossPrice
FNDA:0,NavView._findCrossPrice
DA:316,0
DA:317,0
DA:319,0
BRDA:319,22,0,-
BRDA:319,22,1,-
DA:320,0
DA:322,0
DA:325,0
BRDA:325,23,0,-
BRDA:325,23,1,-
DA:326,0
DA:328,0
DA:331,0
BRDA:331,24,0,-
DA:332,0
DA:335,0
FNF:6
FNH:0
LF:133
LH:0
BRF:37
BRH:0
end_of_record
TN:
SF:contracts/protocol/libraries/ReentrancyGuardTransient.sol
DA:34,0
FN:34,ReentrancyGuardTransient.nonReentrant
FNDA:0,ReentrancyGuardTransient.nonReentrant
DA:35,0
DA:37,0
DA:40,0
FN:40,ReentrancyGuardTransient._nonReentrantBefore
FNDA:0,ReentrancyGuardTransient._nonReentrantBefore
DA:42,0
BRDA:42,0,0,-
DA:43,0
DA:47,0
DA:50,0
FN:50,ReentrancyGuardTransient._nonReentrantAfter
FNDA:0,ReentrancyGuardTransient._nonReentrantAfter
DA:51,0
DA:58,0
FN:58,ReentrancyGuardTransient._reentrancyGuardEntered
FNDA:0,ReentrancyGuardTransient._reentrancyGuardEntered
DA:59,0
FNF:4
FNH:0
LF:11
LH:0
BRF:1
BRH:0
end_of_record
TN:
SF:contracts/protocol/libraries/SafeTransferLib.sol
DA:17,0
FN:17,SafeTransferLib.safeTransferNative
FNDA:0,SafeTransferLib.safeTransferNative
DA:18,0
DA:19,0
BRDA:19,0,0,-
BRDA:19,0,1,-
DA:22,0
FN:22,SafeTransferLib.safeTransfer
FNDA:0,SafeTransferLib.safeTransfer
DA:24,0
DA:25,0
BRDA:25,1,0,-
BRDA:25,1,1,-
DA:28,0
FN:28,SafeTransferLib.safeTransferFrom
FNDA:0,SafeTransferLib.safeTransferFrom
DA:30,0
DA:31,0
BRDA:31,2,0,-
BRDA:31,2,1,-
DA:35,0
FN:35,SafeTransferLib.safeApprove
FNDA:0,SafeTransferLib.safeApprove
DA:37,0
DA:38,0
BRDA:38,3,0,-
BRDA:38,3,1,-
DA:39,0
DA:41,0
BRDA:41,4,0,-
DA:43,0
DA:44,0
DA:46,0
BRDA:46,5,0,-
BRDA:46,5,1,-
DA:50,0
FN:50,SafeTransferLib.isAddressZero
FNDA:0,SafeTransferLib.isAddressZero
DA:51,0
FNF:5
FNH:0
LF:19
LH:0
BRF:11
BRH:0
end_of_record
TN:
SF:contracts/protocol/libraries/SlotDerivation.sol
DA:45,0
FN:45,SlotDerivation.erc7201Slot
FNDA:0,SlotDerivation.erc7201Slot
DA:47,0
DA:48,0
DA:55,0
FN:55,SlotDerivation.offset
FNDA:0,SlotDerivation.offset
DA:57,0
DA:64,0
FN:64,SlotDerivation.deriveArray
FNDA:0,SlotDerivation.deriveArray
DA:66,0
DA:67,0
DA:74,0
FN:74,SlotDerivation.deriveMapping.0
FNDA:0,SlotDerivation.deriveMapping.0
DA:76,0
DA:77,0
DA:78,0
DA:85,0
FN:85,SlotDerivation.deriveMapping.1
FNDA:0,SlotDerivation.deriveMapping.1
DA:87,0
DA:88,0
DA:89,0
DA:96,0
FN:96,SlotDerivation.deriveMapping.2
FNDA:0,SlotDerivation.deriveMapping.2
DA:98,0
DA:99,0
DA:100,0
DA:107,0
FN:107,SlotDerivation.deriveMapping.3
FNDA:0,SlotDerivation.deriveMapping.3
DA:109,0
DA:110,0
DA:111,0
DA:118,0
FN:118,SlotDerivation.deriveMapping.4
FNDA:0,SlotDerivation.deriveMapping.4
DA:120,0
DA:121,0
DA:122,0
DA:129,0
FN:129,SlotDerivation.deriveMapping.5
FNDA:0,SlotDerivation.deriveMapping.5
DA:131,0
DA:132,0
DA:133,0
DA:134,0
DA:135,0
DA:136,0
DA:137,0
DA:144,0
FN:144,SlotDerivation.deriveMapping.6
FNDA:0,SlotDerivation.deriveMapping.6
DA:146,0
DA:147,0
DA:148,0
DA:149,0
DA:150,0
DA:151,0
DA:152,0
FNF:10
FNH:0
LF:44
LH:0
BRF:0
BRH:0
end_of_record
TN:
SF:contracts/protocol/libraries/StorageLib.sol
DA:22,0
FN:22,StorageLib.pool
FNDA:0,StorageLib.pool
DA:24,0
DA:28,0
FN:28,StorageLib.delegation
FNDA:0,StorageLib.delegation
DA:30,0
DA:34,0
FN:34,StorageLib.activeTokensSet
FNDA:0,StorageLib.activeTokensSet
DA:36,0
DA:40,0
FN:40,StorageLib.uniV4TokenIdsSlot
FNDA:0,StorageLib.uniV4TokenIdsSlot
DA:42,0
DA:46,0
FN:46,StorageLib.activeApplications
FNDA:0,StorageLib.activeApplications
DA:48,0
DA:52,0
FN:52,StorageLib.hyperliquidData
FNDA:0,StorageLib.hyperliquidData
DA:53,0
DA:55,0
DA:62,0
FN:62,StorageLib.isOwnedToken
FNDA:0,StorageLib.isOwnedToken
DA:63,0
DA:66,0
BRDA:66,0,0,-
DA:67,0
DA:71,0
FNF:7
FNH:0
LF:18
LH:0
BRF:1
BRH:0
end_of_record
TN:
SF:contracts/protocol/libraries/StorageSlot.sol
DA:9,0
FN:9,StorageSlot.getAddressSlot
FNDA:0,StorageSlot.getAddressSlot
DA:11,0
FNF:1
FNH:0
LF:2
LH:0
BRF:0
BRH:0
end_of_record
TN:
SF:contracts/protocol/libraries/TransientSlot.sol
DA:42,0
FN:42,TransientSlot.asAddress
FNDA:0,TransientSlot.asAddress
DA:43,0
DA:54,0
FN:54,TransientSlot.asBoolean
FNDA:0,TransientSlot.asBoolean
DA:55,0
DA:66,0
FN:66,TransientSlot.asBytes32
FNDA:0,TransientSlot.asBytes32
DA:67,0
DA:78,0
FN:78,TransientSlot.asUint256
FNDA:0,TransientSlot.asUint256
DA:79,0
DA:90,0
FN:90,TransientSlot.asInt256
FNDA:0,TransientSlot.asInt256
DA:91,0
DA:97,0
FN:97,TransientSlot.tload.0
FNDA:0,TransientSlot.tload.0
DA:99,0
DA:106,0
FN:106,TransientSlot.tstore.0
FNDA:0,TransientSlot.tstore.0
DA:108,0
DA:115,0
FN:115,TransientSlot.tload.1
FNDA:0,TransientSlot.tload.1
DA:117,0
DA:124,0
FN:124,TransientSlot.tstore.1
FNDA:0,TransientSlot.tstore.1
DA:126,0
DA:133,0
FN:133,TransientSlot.tload.2
FNDA:0,TransientSlot.tload.2
DA:135,0
DA:142,0
FN:142,TransientSlot.tstore.2
FNDA:0,TransientSlot.tstore.2
DA:144,0
DA:151,0
FN:151,TransientSlot.tload.3
FNDA:0,TransientSlot.tload.3
DA:153,0
DA:160,0
FN:160,TransientSlot.tstore.3
FNDA:0,TransientSlot.tstore.3
DA:162,0
DA:169,0
FN:169,TransientSlot.tload.4
FNDA:0,TransientSlot.tload.4
DA:171,0
DA:178,0
FN:178,TransientSlot.tstore.4
FNDA:0,TransientSlot.tstore.4
DA:180,0
FNF:15
FNH:0
LF:30
LH:0
BRF:0
BRH:0
end_of_record
TN:
SF:contracts/protocol/libraries/TransientStorage.sol
DA:30,0
FN:30,TransientStorage.store
FNDA:0,TransientStorage.store
DA:31,0
DA:34,0
FN:34,TransientStorage.get
FNDA:0,TransientStorage.get
DA:35,0
DA:38,0
FN:38,TransientStorage.storeBalance
FNDA:0,TransientStorage.storeBalance
DA:39,0
DA:42,0
FN:42,TransientStorage.getBalance
FNDA:0,TransientStorage.getBalance
DA:43,0
DA:46,0
FN:46,TransientStorage.storeTwap
FNDA:0,TransientStorage.storeTwap
DA:47,0
DA:50,0
FN:50,TransientStorage.getTwap
FNDA:0,TransientStorage.getTwap
DA:51,0
DA:54,0
FN:54,TransientStorage.setDonationLock
FNDA:0,TransientStorage.setDonationLock
DA:55,0
DA:56,0
DA:57,0
DA:60,0
FN:60,TransientStorage.getDonationLock
FNDA:0,TransientStorage.getDonationLock
DA:61,0
DA:64,0
FN:64,TransientStorage.setNavLockExempt
FNDA:0,TransientStorage.setNavLockExempt
DA:65,0
DA:68,0
FN:68,TransientStorage.getNavLockExempt
FNDA:0,TransientStorage.getNavLockExempt
DA:69,0
DA:72,0
FN:72,TransientStorage.getTemporaryBalance
FNDA:0,TransientStorage.getTemporaryBalance
DA:73,0
DA:74,0
DA:77,0
FN:77,TransientStorage.storeNav
FNDA:0,TransientStorage.storeNav
DA:78,0
DA:81,0
FN:81,TransientStorage.storeAssets
FNDA:0,TransientStorage.storeAssets
DA:82,0
DA:85,0
FN:85,TransientStorage.storeTemporaryBalance
FNDA:0,TransientStorage.storeTemporaryBalance
DA:86,0
DA:87,0
DA:88,0
DA:91,0
FN:91,TransientStorage.getStoredNav
FNDA:0,TransientStorage.getStoredNav
DA:92,0
DA:95,0
FN:95,TransientStorage.getStoredAssets
FNDA:0,TransientStorage.getStoredAssets
DA:96,0
FNF:16
FNH:0
LF:37
LH:0
BRF:0
BRH:0
end_of_record
TN:
SF:contracts/protocol/libraries/VersionLib.sol
DA:6,0
FN:6,VersionLib.isVersionHigherOrEqual
FNDA:0,VersionLib.isVersionHigherOrEqual
DA:10,0
DA:11,0
DA:14,0
DA:15,0
BRDA:15,0,0,-
DA:16,0
DA:18,0
BRDA:18,1,0,-
DA:19,0
DA:23,0
DA:27,0
FN:27,VersionLib.parseVersion
FNDA:0,VersionLib.parseVersion
DA:28,0
DA:31,0
DA:32,0
DA:33,0
DA:35,0
DA:36,0
BRDA:36,2,0,-
BRDA:36,2,1,-
DA:37,0
DA:38,0
DA:39,0
DA:41,0
DA:44,0
DA:48,0
FN:48,VersionLib.charToUint
FNDA:0,VersionLib.charToUint
DA:49,0
DA:50,0
BRDA:50,3,0,-
BRDA:50,3,1,-
DA:51,0
FNF:3
FNH:0
LF:25
LH:0
BRF:6
BRH:0
end_of_record
TN:
SF:contracts/protocol/libraries/VirtualStorageLib.sol
DA:18,0
FN:18,VirtualStorageLib.virtualSupply
FNDA:0,VirtualStorageLib.virtualSupply
DA:20,0
DA:24,0
FN:24,VirtualStorageLib.updateVirtualSupply
FNDA:0,VirtualStorageLib.updateVirtualSupply
DA:25,0
BRDA:25,0,0,-
DA:26,0
DA:27,0
DA:30,0
FN:30,VirtualStorageLib.getVirtualSupply
FNDA:0,VirtualStorageLib.getVirtualSupply
DA:31,0
FNF:3
FNH:0
LF:8
LH:0
BRF:1
BRH:0
end_of_record
TN:
SF:contracts/protocol/proxies/RigoblockPoolProxy.sol
DA:33,0
FN:33,RigoblockPoolProxy.constructor
FNDA:0,RigoblockPoolProxy.constructor
DA:35,0
DA:36,0
DA:37,0
DA:38,0
DA:42,0
DA:45,0
BRDA:45,0,0,-
BRDA:45,0,1,-
DA:50,0
FN:50,RigoblockPoolProxy.fallback
FNDA:0,RigoblockPoolProxy.fallback
DA:51,0
DA:54,0
DA:55,0
DA:56,0
DA:57,0
BRDA:57,1,0,-
BRDA:57,1,1,-
DA:58,0
DA:60,0
DA:75,0
FN:75,RigoblockPoolProxy.getImplementation
FNDA:0,RigoblockPoolProxy.getImplementation
DA:77,0
FNF:3
FNH:0
LF:17
LH:0
BRF:4
BRH:0
end_of_record
TN:
SF:contracts/protocol/proxies/RigoblockPoolProxyFactory.sol
DA:37,0
FN:37,RigoblockPoolProxyFactory.onlyRigoblockDao
FNDA:0,RigoblockPoolProxyFactory.onlyRigoblockDao
DA:38,0
BRDA:38,0,0,-
BRDA:38,0,1,-
DA:42,0
FN:42,RigoblockPoolProxyFactory.constructor
FNDA:0,RigoblockPoolProxyFactory.constructor
DA:43,0
DA:44,0
DA:51,0
FN:51,RigoblockPoolProxyFactory.createPool
FNDA:0,RigoblockPoolProxyFactory.createPool
DA:56,0
DA:57,0
DA:58,0
DA:59,0
BRDA:59,1,0,-
DA:60,0
DA:61,0
BRDA:61,1,1,-
DA:62,0
DA:63,0
BRDA:63,1,2,-
DA:64,0
DA:69,0
FN:69,RigoblockPoolProxyFactory.setImplementation
FNDA:0,RigoblockPoolProxyFactory.setImplementation
DA:70,0
BRDA:70,2,0,-
BRDA:70,2,1,-
DA:71,0
BRDA:71,3,0,-
BRDA:71,3,1,-
DA:72,0
DA:73,0
DA:77,0
FN:77,RigoblockPoolProxyFactory.setRegistry
FNDA:0,RigoblockPoolProxyFactory.setRegistry
DA:78,0
BRDA:78,4,0,-
BRDA:78,4,1,-
DA:79,0
BRDA:79,5,0,-
BRDA:79,5,1,-
DA:80,0
DA:81,0
DA:86,0
FN:86,RigoblockPoolProxyFactory.parameters
FNDA:0,RigoblockPoolProxyFactory.parameters
DA:87,0
DA:94,0
FN:94,RigoblockPoolProxyFactory.getRegistry
FNDA:0,RigoblockPoolProxyFactory.getRegistry
DA:95,0
DA:105,0
FN:105,RigoblockPoolProxyFactory._createPool
FNDA:0,RigoblockPoolProxyFactory._createPool
DA:111,0
DA:114,0
DA:117,0
BRDA:117,6,0,-
DA:118,0
DA:119,0
BRDA:119,6,1,-
DA:120,0
DA:121,0
BRDA:121,6,2,-
DA:122,0
DA:130,0
FN:130,RigoblockPoolProxyFactory._isContract
FNDA:0,RigoblockPoolProxyFactory._isContract
DA:131,0
FNF:9
FNH:0
LF:40
LH:0
BRF:16
BRH:0
end_of_record
TN:
SF:contracts/protocol/types/GmxClaimableHelpers.sol
DA:10,0
FN:10,GmxClaimableHelpers.getClaimableFundingAmount
FNDA:0,GmxClaimableHelpers.getClaimableFundingAmount
DA:11,0
DA:12,0
DA:17,0
FN:17,GmxClaimableHelpers.getClaimableCollateralAmount
FNDA:0,GmxClaimableHelpers.getClaimableCollateralAmount
DA:22,0
DA:23,0
DA:24,0
BRDA:24,0,0,-
DA:26,0
DA:29,0
DA:32,0
DA:41,0
DA:45,0
DA:46,0
DA:47,0
BRDA:47,1,0,-
DA:49,0
DA:50,0
BRDA:50,2,0,-
DA:51,0
DA:52,0
DA:55,0
DA:56,0
BRDA:56,3,0,-
DA:57,0
DA:61,0
DA:63,0
DA:64,0
DA:65,0
FNF:2
FNH:0
LF:25
LH:0
BRF:4
BRH:0
end_of_record
TN:
SF:contracts/protocol/types/GmxFallback.sol
DA:15,0
FN:15,getFallbackPriceFeed
FNDA:0,getFallbackPriceFeed
DA:16,0
DA:17,0
DA:20,0
BRDA:20,0,0,-
BRDA:20,0,1,-
DA:21,0
BRDA:21,1,0,-
DA:22,0
BRDA:22,2,0,-
DA:23,0
BRDA:23,3,0,-
DA:24,0
BRDA:24,4,0,-
DA:25,0
BRDA:25,5,0,-
DA:26,0
BRDA:26,6,0,-
DA:27,0
BRDA:27,7,0,-
BRDA:27,7,1,-
DA:28,0
BRDA:28,8,0,-
DA:29,0
BRDA:29,9,0,-
DA:30,0
BRDA:30,10,0,-
DA:31,0
BRDA:31,11,0,-
DA:32,0
BRDA:32,12,0,-
DA:33,0
BRDA:33,13,0,-
DA:34,0
BRDA:34,14,0,-
BRDA:34,14,1,-
DA:35,0
BRDA:35,15,0,-
DA:36,0
BRDA:36,16,0,-
DA:37,0
BRDA:37,17,0,-
DA:38,0
BRDA:38,18,0,-
DA:39,0
BRDA:39,19,0,-
DA:40,0
BRDA:40,20,0,-
DA:41,0
BRDA:41,21,0,-
BRDA:41,21,1,-
DA:42,0
BRDA:42,22,0,-
DA:43,0
BRDA:43,23,0,-
DA:44,0
BRDA:44,24,0,-
DA:45,0
BRDA:45,25,0,-
DA:46,0
BRDA:46,26,0,-
DA:47,0
BRDA:47,27,0,-
DA:49,0
BRDA:49,28,0,-
DA:50,0
BRDA:50,29,0,-
DA:51,0
BRDA:51,30,0,-
DA:55,0
DA:67,0
FN:67,GmxFallback.getFallbackPrice
FNDA:0,GmxFallback.getFallbackPrice
DA:68,0
DA:69,0
DA:70,0
BRDA:70,31,0,-
DA:71,0
DA:73,0
BRDA:73,32,0,-
DA:74,0
BRDA:74,33,0,-
DA:75,0
BRDA:75,34,0,-
DA:77,0
DA:78,0
FNF:2
FNH:0
LF:45
LH:0
BRF:39
BRH:0
end_of_record
TN:
SF:contracts/rigoToken/inflation/Inflation.sol
DA:50,0
FN:50,Inflation.onlyStakingProxy
FNDA:0,Inflation.onlyStakingProxy
DA:51,0
DA:55,0
FN:55,Inflation.constructor
FNDA:0,Inflation.constructor
DA:56,0
DA:57,0
DA:58,0
DA:59,0
DA:66,0
FN:66,Inflation.mintInflation
FNDA:0,Inflation.mintInflation
DA:68,0
BRDA:68,0,0,-
BRDA:68,0,1,-
DA:69,0
DA:72,0
BRDA:72,1,0,-
DA:73,0
BRDA:73,2,0,-
BRDA:73,2,1,-
DA:76,0
DA:79,0
DA:83,0
DA:84,0
DA:87,0
DA:88,0
DA:95,0
FN:95,Inflation.epochEnded
FNDA:0,Inflation.epochEnded
DA:97,0
DA:101,0
FN:101,Inflation.getEpochInflation
FNDA:0,Inflation.getEpochInflation
DA:104,0
DA:105,0
DA:109,0
FN:109,Inflation.timeUntilNextClaim
FNDA:0,Inflation.timeUntilNextClaim
DA:110,0
DA:113,0
DA:120,0
FN:120,Inflation._assertCallerIsStakingProxy
FNDA:0,Inflation._assertCallerIsStakingProxy
DA:121,0
BRDA:121,3,0,-
BRDA:121,3,1,-
DA:124,0
FN:124,Inflation._getEpochEndTime
FNDA:0,Inflation._getEpochEndTime
DA:125,0
DA:128,0
FN:128,Inflation._getEpochLength
FNDA:0,Inflation._getEpochLength
DA:129,0
DA:132,0
FN:132,Inflation._getRigoToken
FNDA:0,Inflation._getRigoToken
DA:133,0
DA:136,0
FN:136,Inflation._getStakingProxy
FNDA:0,Inflation._getStakingProxy
DA:137,0
FNF:11
FNH:0
LF:36
LH:0
BRF:7
BRH:0
end_of_record
TN:
SF:contracts/rigoToken/inflation/InflationL2.sol
DA:54,0
FN:54,InflationL2.onlyInitializer
FNDA:0,InflationL2.onlyInitializer
DA:55,0
BRDA:55,0,0,-
BRDA:55,0,1,-
DA:59,0
FN:59,InflationL2.onlyStakingProxy
FNDA:0,InflationL2.onlyStakingProxy
DA:60,0
DA:64,0
FN:64,InflationL2.alreadyInitialized
FNDA:0,InflationL2.alreadyInitialized
DA:65,0
BRDA:65,1,0,-
BRDA:65,1,1,-
DA:69,0
FN:69,InflationL2.constructor
FNDA:0,InflationL2.constructor
DA:70,0
DA:71,0
DA:72,0
DA:81,0
FN:81,InflationL2.initParams
FNDA:0,InflationL2.initParams
DA:82,0
BRDA:82,2,0,-
BRDA:82,2,1,-
DA:83,0
BRDA:83,3,0,-
BRDA:83,3,1,-
DA:84,0
DA:85,0
DA:89,0
FN:89,InflationL2.mintInflation
FNDA:0,InflationL2.mintInflation
DA:91,0
BRDA:91,4,0,-
BRDA:91,4,1,-
DA:92,0
DA:95,0
BRDA:95,5,0,-
DA:96,0
BRDA:96,6,0,-
BRDA:96,6,1,-
DA:99,0
DA:102,0
DA:106,0
DA:109,0
DA:111,0
DA:114,0
BRDA:114,7,0,-
BRDA:114,7,1,-
DA:115,0
DA:117,0
DA:118,0
DA:121,0
DA:128,0
FN:128,InflationL2.epochEnded
FNDA:0,InflationL2.epochEnded
DA:130,0
DA:134,0
FN:134,InflationL2.getEpochInflation
FNDA:0,InflationL2.getEpochInflation
DA:137,0
DA:138,0
DA:142,0
FN:142,InflationL2.timeUntilNextClaim
FNDA:0,InflationL2.timeUntilNextClaim
DA:144,0
DA:151,0
FN:151,InflationL2._assertCallerIsStakingProxy
FNDA:0,InflationL2._assertCallerIsStakingProxy
DA:152,0
BRDA:152,8,0,-
BRDA:152,8,1,-
FNF:10
FNH:0
LF:39
LH:0
BRF:17
BRH:0
end_of_record
TN:
SF:contracts/rigoToken/proofOfPerformance/ProofOfPerformance.sol
DA:34,0
FN:34,ProofOfPerformance.constructor
FNDA:0,ProofOfPerformance.constructor
DA:35,0
DA:39,0
FN:39,ProofOfPerformance.creditPopRewardToStakingProxy
FNDA:0,ProofOfPerformance.creditPopRewardToStakingProxy
DA:40,0
DA:41,0
DA:46,0
BRDA:46,0,0,-
BRDA:46,0,1,-
DA:48,0
DA:52,0
FN:52,ProofOfPerformance.proofOfPerformance
FNDA:0,ProofOfPerformance.proofOfPerformance
DA:53,0
DA:59,0
FN:59,ProofOfPerformance._getStakingProxy
FNDA:0,ProofOfPerformance._getStakingProxy
DA:60,0
FNF:4
FNH:0
LF:11
LH:0
BRF:2
BRH:0
end_of_record
TN:
SF:contracts/rigoToken/rigoToken/RigoToken.sol
DA:45,0
FN:45,RigoToken.onlyMinter
FNDA:0,RigoToken.onlyMinter
DA:46,0
BRDA:46,0,0,-
BRDA:46,0,1,-
DA:50,0
FN:50,RigoToken.onlyRigoblock
FNDA:0,RigoToken.onlyRigoblock
DA:51,0
BRDA:51,1,0,-
BRDA:51,1,1,-
DA:55,0
FN:55,RigoToken.constructor
FNDA:0,RigoToken.constructor
DA:60,0
DA:61,0
DA:62,0
DA:63,0
DA:70,0
FN:70,RigoToken.mintToken
FNDA:0,RigoToken.mintToken
DA:71,0
DA:72,0
DA:73,0
DA:77,0
FN:77,RigoToken.changeMintingAddress
FNDA:0,RigoToken.changeMintingAddress
DA:78,0
DA:82,0
FN:82,RigoToken.changeRigoblockAddress
FNDA:0,RigoToken.changeRigoblockAddress
DA:83,0
FNF:6
FNH:0
LF:17
LH:0
BRF:4
BRH:0
end_of_record
TN:
SF:contracts/staking/GrgVault.sol
DA:50,0
FN:50,GrgVault.onlyStakingProxy
FNDA:0,GrgVault.onlyStakingProxy
DA:51,0
DA:56,0
FN:56,GrgVault.onlyInCatastrophicFailure
FNDA:0,GrgVault.onlyInCatastrophicFailure
DA:57,0
DA:62,0
FN:62,GrgVault.onlyNotInCatastrophicFailure
FNDA:0,GrgVault.onlyNotInCatastrophicFailure
DA:63,0
DA:71,0
FN:71,GrgVault.constructor
FNDA:0,GrgVault.constructor
DA:76,0
DA:77,0
DA:78,0
DA:84,0
FN:84,GrgVault.setStakingProxy
FNDA:0,GrgVault.setStakingProxy
DA:85,0
DA:86,0
DA:92,0
FN:92,GrgVault.enterCatastrophicFailure
FNDA:0,GrgVault.enterCatastrophicFailure
DA:93,0
DA:94,0
DA:101,0
FN:101,GrgVault.setGrgProxy
FNDA:0,GrgVault.setGrgProxy
DA:102,0
DA:103,0
DA:111,0
FN:111,GrgVault.depositFrom
FNDA:0,GrgVault.depositFrom
DA:118,0
DA:121,0
DA:124,0
DA:132,0
FN:132,GrgVault.withdrawFrom
[...]
DA:82,0
FN:82,MockUniswapNpm.decreaseLiquidity
FNDA:0,MockUniswapNpm.decreaseLiquidity
DA:86,0
FN:86,MockUniswapNpm.collect
FNDA:0,MockUniswapNpm.collect
DA:90,0
FN:90,MockUniswapNpm.burn
FNDA:0,MockUniswapNpm.burn
DA:92,0
DA:94,0
BRDA:94,1,0,-
BRDA:94,1,1,-
DA:95,0
DA:99,0
FN:99,MockUniswapNpm.createAndInitializePoolIfNecessary
FNDA:0,MockUniswapNpm.createAndInitializePoolIfNecessary
DA:106,0
FN:106,MockUniswapNpm.balanceOf
FNDA:0,MockUniswapNpm.balanceOf
DA:107,0
DA:110,0
FN:110,MockUniswapNpm.positions
FNDA:0,MockUniswapNpm.positions
DA:130,0
DA:131,0
DA:132,0
DA:148,0
FN:148,MockUniswapNpm.ownerOf
FNDA:0,MockUniswapNpm.ownerOf
DA:149,0
DA:152,0
FN:152,MockUniswapNpm.tokenOfOwnerByIndex
FNDA:0,MockUniswapNpm.tokenOfOwnerByIndex
DA:153,0
FNF:11
FNH:0
LF:35
LH:0
BRF:3
BRH:0
end_of_record
TN:
SF:contracts/test/MockUniswapPosm.sol
DA:35,0
FN:35,MockUniswapPosm.constructor
FNDA:0,MockUniswapPosm.constructor
DA:36,0
DA:39,0
FN:39,MockUniswapPosm.setRevertMode
FNDA:0,MockUniswapPosm.setRevertMode
DA:40,0
DA:44,0
FN:44,MockUniswapPosm.modifyLiquidities
FNDA:0,MockUniswapPosm.modifyLiquidities
DA:45,0
BRDA:45,0,0,-
BRDA:45,0,1,-
DA:46,0
DA:47,0
BRDA:47,1,0,-
DA:48,0
DA:50,0
DA:51,0
DA:52,0
DA:54,0
DA:55,0
DA:57,0
BRDA:57,2,0,-
BRDA:57,2,1,-
DA:58,0
DA:67,0
DA:68,0
DA:69,0
BRDA:69,3,0,-
BRDA:69,3,1,-
DA:70,0
DA:76,0
DA:77,0
DA:78,0
BRDA:78,4,0,-
BRDA:78,4,1,-
DA:79,0
DA:85,0
DA:86,0
DA:87,0
BRDA:87,5,0,-
DA:88,0
DA:90,0
DA:95,0
FN:95,MockUniswapPosm.getPoolAndPositionInfo
FNDA:0,MockUniswapPosm.getPoolAndPositionInfo
DA:96,0
DA:97,0
DA:100,0
FN:100,MockUniswapPosm.getPositionLiquidity
FNDA:0,MockUniswapPosm.getPositionLiquidity
DA:103,0
DA:108,0
FN:108,MockUniswapPosm.mint
FNDA:0,MockUniswapPosm.mint
DA:119,0
DA:120,0
DA:121,0
DA:124,0
DA:127,0
DA:128,0
DA:132,0
DA:134,0
BRDA:134,6,0,-
DA:135,0
DA:143,0
FN:143,MockUniswapPosm._increase
FNDA:0,MockUniswapPosm._increase
DA:150,0
DA:153,0
FN:153,MockUniswapPosm._decrease
FNDA:0,MockUniswapPosm._decrease
DA:160,0
DA:163,0
FN:163,MockUniswapPosm._burn
FNDA:0,MockUniswapPosm._burn
DA:169,0
DA:170,0
DA:171,0
DA:175,0
DA:176,0
DA:179,0
FN:179,MockUniswapPosm.balanceOf
FNDA:0,MockUniswapPosm.balanceOf
DA:180,0
DA:183,0
FN:183,MockUniswapPosm.ownerOf
FNDA:0,MockUniswapPosm.ownerOf
DA:184,0
FNF:11
FNH:0
LF:58
LH:0
BRF:11
BRH:0
end_of_record
TN:
SF:contracts/test/RogueStaking.sol
DA:44,0
FN:44,RogueStaking.init
FNDA:0,RogueStaking.init
DA:46,0
FN:46,RogueStaking.setAlphaNum
FNDA:0,RogueStaking.setAlphaNum
DA:47,0
DA:50,0
FN:50,RogueStaking.setAlphaDenom
FNDA:0,RogueStaking.setAlphaDenom
DA:51,0
DA:54,0
FN:54,RogueStaking.setMinimumStake
FNDA:0,RogueStaking.setMinimumStake
DA:55,0
DA:58,0
FN:58,RogueStaking.setStakeWeight
FNDA:0,RogueStaking.setStakeWeight
DA:59,0
DA:62,0
FN:62,RogueStaking.setDuration
FNDA:0,RogueStaking.setDuration
DA:63,0
DA:66,0
FN:66,RogueStaking.setStaking
FNDA:0,RogueStaking.setStaking
DA:67,0
DA:70,0
FN:70,RogueStaking.setInflation
FNDA:0,RogueStaking.setInflation
DA:71,0
DA:74,0
FN:74,RogueStaking.endEpoch
FNDA:0,RogueStaking.endEpoch
DA:75,0
DA:76,0
DA:77,0
DA:78,0
BRDA:78,0,0,-
DA:80,0
DA:83,0
DA:86,0
FN:86,RogueStaking.getInflation
FNDA:0,RogueStaking.getInflation
DA:87,0
DA:88,0
DA:89,0
DA:90,0
DA:93,0
FN:93,RogueStaking.getParams
FNDA:0,RogueStaking.getParams
DA:94,0
FNF:11
FNH:0
LF:29
LH:0
BRF:1
BRH:0
end_of_record
TN:
SF:contracts/test/TestCobbDouglas.sol
DA:8,0
FN:8,TestCobbDouglas.getCobbDouglasReward
FNDA:0,TestCobbDouglas.getCobbDouglasReward
DA:17,0
FNF:1
FNH:0
LF:2
LH:0
BRF:0
BRH:0
end_of_record
TN:
SF:contracts/test/TestLibFixedMath.sol
DA:8,0
FN:8,TestLibFixedMath.mul
FNDA:0,TestLibFixedMath.mul
DA:9,0
DA:12,0
FN:12,TestLibFixedMath.div
FNDA:0,TestLibFixedMath.div
DA:13,0
DA:16,0
FN:16,TestLibFixedMath.mulDiv
FNDA:0,TestLibFixedMath.mulDiv
DA:17,0
DA:20,0
FN:20,TestLibFixedMath.uintMul
FNDA:0,TestLibFixedMath.uintMul
DA:21,0
DA:24,0
FN:24,TestLibFixedMath.toFixed
FNDA:0,TestLibFixedMath.toFixed
DA:25,0
DA:28,0
FN:28,TestLibFixedMath.ln
FNDA:0,TestLibFixedMath.ln
DA:29,0
DA:32,0
FN:32,TestLibFixedMath.exp
FNDA:0,TestLibFixedMath.exp
DA:33,0
FNF:7
FNH:0
LF:14
LH:0
BRF:0
BRH:0
end_of_record
TN:
SF:contracts/test/TestLibSafeDowncast.sol
DA:8,0
FN:8,TestLibSafeDowncast.downcastToUint96
FNDA:0,TestLibSafeDowncast.downcastToUint96
DA:9,0
DA:12,0
FN:12,TestLibSafeDowncast.downcastToUint64
FNDA:0,TestLibSafeDowncast.downcastToUint64
DA:13,0
FNF:2
FNH:0
LF:4
LH:0
BRF:0
BRH:0
end_of_record
TN:
SF:contracts/test/TestReentrancyAttack.sol
DA:11,0
FN:11,TestReentrancyAttack.constructor
FNDA:0,TestReentrancyAttack.constructor
DA:12,0
DA:15,0
FN:15,TestReentrancyAttack.setMaxCount
FNDA:0,TestReentrancyAttack.setMaxCount
DA:16,0
DA:19,0
FN:19,TestReentrancyAttack.mintPool
FNDA:0,TestReentrancyAttack.mintPool
DA:20,0
DA:21,0
BRDA:21,0,0,-
DA:22,0
BRDA:22,1,0,-
BRDA:22,1,1,-
DA:23,0
FNF:3
FNH:0
LF:9
LH:0
BRF:3
BRH:0
end_of_record
TN:
SF:contracts/tokens/ERC20/ERC20.sol
DA:7,0
FN:7,ERC20.transfer
FNDA:0,ERC20.transfer
DA:8,0
BRDA:8,0,0,-
BRDA:8,0,1,-
DA:9,0
DA:10,0
DA:11,0
DA:12,0
DA:15,0
FN:15,ERC20.transferFrom
FNDA:0,ERC20.transferFrom
DA:20,0
BRDA:20,1,0,-
BRDA:20,1,1,-
DA:23,0
DA:24,0
DA:25,0
DA:26,0
DA:27,0
DA:30,0
FN:30,ERC20.approve
FNDA:0,ERC20.approve
DA:31,0
DA:32,0
DA:33,0
DA:36,0
FN:36,ERC20.balanceOf
FNDA:0,ERC20.balanceOf
DA:37,0
DA:40,0
FN:40,ERC20.allowance
FNDA:0,ERC20.allowance
DA:41,0
FNF:5
FNH:0
LF:21
LH:0
BRF:4
BRH:0
end_of_record
TN:
SF:contracts/tokens/UnlimitedAllowanceToken/UnlimitedAllowanceToken.sol
DA:14,0
FN:14,UnlimitedAllowanceToken.transferFrom
FNDA:0,UnlimitedAllowanceToken.transferFrom
DA:19,0
DA:20,0
BRDA:20,0,0,-
BRDA:20,0,1,-
DA:21,0
DA:22,0
DA:23,0
BRDA:23,1,0,-
DA:24,0
DA:26,0
DA:27,0
FNF:1
FNH:0
LF:9
LH:0
BRF:3
BRH:0
end_of_record
TN:
SF:contracts/tokens/WETH9/WETH9.sol
DA:33,0
FN:33,WETH9.receive
FNDA:0,WETH9.receive
DA:34,0
DA:37,0
FN:37,WETH9.deposit
FNDA:0,WETH9.deposit
DA:38,0
DA:39,0
DA:42,0
FN:42,WETH9.withdraw
FNDA:0,WETH9.withdraw
DA:43,0
BRDA:43,0,0,-
BRDA:43,0,1,-
DA:44,0
DA:45,0
DA:46,0
DA:49,0
FN:49,WETH9.totalSupply
FNDA:0,WETH9.totalSupply
DA:50,0
DA:53,0
FN:53,WETH9.approve
FNDA:0,WETH9.approve
DA:54,0
DA:55,0
DA:56,0
DA:59,0
FN:59,WETH9.transfer
FNDA:0,WETH9.transfer
DA:60,0
DA:63,0
FN:63,WETH9.transferFrom
FNDA:0,WETH9.transferFrom
DA:68,0
BRDA:68,1,0,-
BRDA:68,1,1,-
DA:70,0
BRDA:70,2,0,-
DA:71,0
BRDA:71,3,0,-
BRDA:71,3,1,-
DA:72,0
DA:75,0
DA:76,0
DA:78,0
DA:80,0
FNF:7
FNH:0
LF:27
LH:0
BRF:7
BRH:0
end_of_record
TN:
SF:contracts/utils/0xUtils/Authorizable.sol
DA:29,0
FN:29,Authorizable.onlyAuthorized
FNDA:0,Authorizable.onlyAuthorized
DA:30,0
DA:44,0
FN:44,Authorizable.constructor
FNDA:0,Authorizable.constructor
DA:48,0
FN:48,Authorizable.addAuthorizedAddress
FNDA:0,Authorizable.addAuthorizedAddress
DA:49,0
DA:54,0
FN:54,Authorizable.removeAuthorizedAddress
FNDA:0,Authorizable.removeAuthorizedAddress
DA:55,0
BRDA:55,0,0,-
BRDA:55,0,1,-
DA:56,0
DA:57,0
BRDA:57,1,0,-
DA:58,0
DA:59,0
DA:67,0
FN:67,Authorizable.removeAuthorizedAddressAtIndex
FNDA:0,Authorizable.removeAuthorizedAddressAtIndex
DA:68,0
DA:73,0
FN:73,Authorizable.getAuthorizedAddresses
FNDA:0,Authorizable.getAuthorizedAddresses
DA:74,0
DA:78,0
FN:78,Authorizable._assertSenderIsAuthorized
FNDA:0,Authorizable._assertSenderIsAuthorized
DA:79,0
BRDA:79,2,0,-
BRDA:79,2,1,-
DA:84,0
FN:84,Authorizable._addAuthorizedAddress
FNDA:0,Authorizable._addAuthorizedAddress
DA:86,0
BRDA:86,3,0,-
BRDA:86,3,1,-
DA:89,0
BRDA:89,4,0,-
BRDA:89,4,1,-
DA:91,0
DA:92,0
DA:93,0
DA:99,0
FN:99,Authorizable._removeAuthorizedAddressAtIndex
FNDA:0,Authorizable._removeAuthorizedAddressAtIndex
DA:100,0
BRDA:100,5,0,-
BRDA:100,5,1,-
DA:101,0
BRDA:101,6,0,-
BRDA:101,6,1,-
DA:102,0
BRDA:102,7,0,-
BRDA:102,7,1,-
DA:105,0
DA:106,0
DA:107,0
FNF:9
FNH:0
LF:30
LH:0
BRF:15
BRH:0
end_of_record
TN:
SF:contracts/utils/0xUtils/ERC20Proxy/ERC20Proxy.sol
DA:25,0
FN:25,ERC20Proxy.constructor
FNDA:0,ERC20Proxy.constructor
DA:31,0
FN:31,ERC20Proxy.fallback
FNDA:0,ERC20Proxy.fallback
DA:34,0
DA:42,0
BRDA:42,0,0,-
BRDA:42,0,1,-
DA:45,0
DA:46,0
DA:47,0
DA:50,0
BRDA:50,1,0,-
BRDA:50,1,1,-
DA:52,0
DA:53,0
DA:54,0
DA:55,0
DA:56,0
DA:116,0
DA:122,0
DA:127,0
DA:130,0
DA:148,0
DA:149,0
BRDA:149,2,0,-
BRDA:149,2,1,-
DA:150,0
DA:154,0
DA:155,0
DA:156,0
DA:157,0
DA:158,0
DA:162,0
DA:168,0
FN:168,ERC20Proxy.getProxyId
FNDA:0,ERC20Proxy.getProxyId
DA:169,0
FNF:3
FNH:0
LF:28
LH:0
BRF:6
BRH:0
end_of_record
TN:
SF:contracts/utils/0xUtils/ERC20Proxy/MAuthorizable.sol
DA:26,0
FN:26,MAuthorizable.onlyAuthorized
FNDA:0,MAuthorizable.onlyAuthorized
DA:27,0
FNF:1
FNH:0
LF:2
LH:0
BRF:0
BRH:0
end_of_record
TN:
SF:contracts/utils/0xUtils/ERC20Proxy/MixinAuthorizable.sol
DA:27,0
FN:27,MixinAuthorizable.onlyAuthorized
FNDA:0,MixinAuthorizable.onlyAuthorized
DA:28,0
BRDA:28,0,0,-
BRDA:28,0,1,-
DA:37,0
FN:37,MixinAuthorizable.addAuthorizedAddress
FNDA:0,MixinAuthorizable.addAuthorizedAddress
DA:38,0
BRDA:38,1,0,-
BRDA:38,1,1,-
DA:40,0
DA:41,0
DA:42,0
DA:47,0
FN:47,MixinAuthorizable.removeAuthorizedAddress
FNDA:0,MixinAuthorizable.removeAuthorizedAddress
DA:48,0
BRDA:48,2,0,-
BRDA:48,2,1,-
DA:51,0
DA:52,0
BRDA:52,3,0,-
DA:53,0
DA:54,0
DA:55,0
DA:58,0
DA:64,0
FN:64,MixinAuthorizable.removeAuthorizedAddressAtIndex
FNDA:0,MixinAuthorizable.removeAuthorizedAddressAtIndex
DA:65,0
BRDA:65,4,0,-
BRDA:65,4,1,-
DA:66,0
BRDA:66,5,0,-
BRDA:66,5,1,-
DA:67,0
BRDA:67,6,0,-
BRDA:67,6,1,-
DA:70,0
DA:71,0
DA:72,0
DA:77,0
FN:77,MixinAuthorizable.getAuthorizedAddresses
FNDA:0,MixinAuthorizable.getAuthorizedAddresses
DA:78,0
FNF:5
FNH:0
LF:24
LH:0
BRF:13
BRH:0
end_of_record
TN:
SF:contracts/utils/0xUtils/LibFractions.sol
DA:12,0
FN:12,LibFractions.add
FNDA:0,LibFractions.add
DA:18,0
BRDA:18,0,0,-
DA:19,0
DA:21,0
BRDA:21,1,0,-
DA:22,0
DA:24,0
DA:25,0
DA:26,0
DA:37,0
FN:37,LibFractions.normalize.0
FNDA:0,LibFractions.normalize.0
DA:44,0
BRDA:44,2,0,-
BRDA:44,2,1,-
DA:45,0
DA:46,0
DA:47,0
DA:48,0
DA:50,0
DA:51,0
DA:53,0
DA:62,0
FN:62,LibFractions.normalize.1
FNDA:0,LibFractions.normalize.1
DA:67,0
DA:77,0
FN:77,LibFractions.scaleDifference
FNDA:0,LibFractions.scaleDifference
DA:84,0
BRDA:84,3,0,-
DA:85,0
DA:87,0
BRDA:87,4,0,-
DA:88,0
DA:90,0
DA:91,0
DA:92,0
FNF:4
FNH:0
LF:27
LH:0
BRF:6
BRH:0
end_of_record
TN:
SF:contracts/utils/0xUtils/LibMath.sol
DA:29,0
FN:29,LibMath.safeGetPartialAmountFloor
FNDA:0,LibMath.safeGetPartialAmountFloor
DA:34,0
BRDA:34,0,0,-
BRDA:34,0,1,-
DA:36,0
DA:37,0
DA:46,0
FN:46,LibMath.safeGetPartialAmountCeil
FNDA:0,LibMath.safeGetPartialAmountCeil
DA:51,0
BRDA:51,1,0,-
BRDA:51,1,1,-
DA:56,0
DA:58,0
DA:66,0
FN:66,LibMath.getPartialAmountFloor
FNDA:0,LibMath.getPartialAmountFloor
DA:71,0
DA:72,0
DA:80,0
FN:80,LibMath.getPartialAmountCeil
FNDA:0,LibMath.getPartialAmountCeil
DA:88,0
DA:90,0
DA:98,0
FN:98,LibMath.isRoundingErrorFloor
FNDA:0,LibMath.isRoundingErrorFloor
DA:103,0
BRDA:103,2,0,-
BRDA:103,2,1,-
DA:118,0
BRDA:118,3,0,-
DA:119,0
DA:131,0
DA:132,0
DA:133,0
DA:141,0
FN:141,LibMath.isRoundingErrorCeil
FNDA:0,LibMath.isRoundingErrorCeil
DA:146,0
BRDA:146,4,0,-
BRDA:146,4,1,-
DA:149,0
BRDA:149,5,0,-
DA:153,0
DA:156,0
DA:157,0
DA:158,0
DA:159,0
FNF:6
FNH:0
LF:29
LH:0
BRF:10
BRH:0
end_of_record
TN:
SF:contracts/utils/0xUtils/Ownable.sol
DA:24,0
FN:24,Ownable.constructor
FNDA:0,Ownable.constructor
DA:25,0
DA:28,0
FN:28,Ownable.onlyOwner
FNDA:0,Ownable.onlyOwner
DA:29,0
DA:35,0
FN:35,Ownable.transferOwnership
FNDA:0,Ownable.transferOwnership
DA:36,0
BRDA:36,0,0,-
BRDA:36,0,1,-
DA:37,0
DA:38,0
DA:41,0
FN:41,Ownable._assertSenderIsOwner
FNDA:0,Ownable._assertSenderIsOwner
DA:42,0
BRDA:42,1,0,-
BRDA:42,1,1,-
FNF:4
FNH:0
LF:10
LH:0
BRF:4
BRH:0
end_of_record
TN:
SF:contracts/utils/libSanitize/LibSanitize.sol
DA:25,0
FN:25,LibSanitize.assertIsValidCheck
FNDA:0,LibSanitize.assertIsValidCheck
DA:26,0
DA:27,0
DA:28,0
BRDA:28,0,0,-
BRDA:28,0,1,-
DA:29,0
BRDA:29,1,0,-
BRDA:29,1,1,-
DA:30,0
DA:31,0
BRDA:31,2,0,-
DA:32,0
DA:35,0
DA:36,0
DA:40,0
FN:40,LibSanitize.assertIsLowercase
FNDA:0,LibSanitize.assertIsLowercase
DA:41,0
DA:42,0
DA:43,0
DA:44,0
BRDA:44,3,0,-
DA:45,0
DA:49,0
FN:49,LibSanitize.assertIsUppercase
FNDA:0,LibSanitize.assertIsUppercase
DA:50,0
DA:51,0
DA:52,0
DA:53,0
BRDA:53,4,0,-
DA:54,0
FNF:3
FNH:0
LF:22
LH:0
BRF:7
BRH:0
end_of_record
TN:
SF:contracts/utils/owned/OwnedUninitialized.sol
DA:10,0
FN:10,OwnedUninitialized.onlyOwner
FNDA:0,OwnedUninitialized.onlyOwner
DA:11,0
BRDA:11,0,0,-
BRDA:11,0,1,-
DA:16,0
FN:16,OwnedUninitialized.setOwner
FNDA:0,OwnedUninitialized.setOwner
DA:17,0
BRDA:17,1,0,-
BRDA:17,1,1,-
DA:18,0
DA:19,0
DA:20,0
FNF:2
FNH:0
LF:7
LH:0
BRF:4
BRH:0
end_of_record
TN:
SF:test/fixtures/HyperliquidDeploymentFixture.sol
DA:63,0
FN:63,HyperliquidDeploymentFixture.deployFixture
FNDA:0,HyperliquidDeploymentFixture.deployFixture
DA:64,0
DA:65,0
BRDA:65,0,0,-
BRDA:65,0,1,-
DA:67,0
DA:68,0
DA:70,0
DA:71,0
DA:72,0
DA:73,0
DA:75,0
DA:76,0
DA:77,0
DA:78,0
DA:79,0
DA:80,0
DA:82,0
DA:83,0
DA:84,0
DA:93,0
FN:93,HyperliquidDeploymentFixture._assertNoExternalProtocolsOnHyperEVM
FNDA:0,HyperliquidDeploymentFixture._assertNoExternalProtocolsOnHyperEVM
DA:94,0
BRDA:94,1,0,-
BRDA:94,1,1,-
DA:95,0
BRDA:95,2,0,-
BRDA:95,2,1,-
DA:99,0
FN:99,HyperliquidDeploymentFixture._setupInfrastructure
FNDA:0,HyperliquidDeploymentFixture._setupInfrastructure
DA:100,0
BRDA:100,3,0,-
BRDA:100,3,1,-
DA:101,0
DA:102,0
DA:103,0
DA:104,0
DA:105,0
DA:106,0
DA:107,0
DA:108,0
DA:110,0
DA:115,0
FN:115,HyperliquidDeploymentFixture._deployLocalInfrastructure
FNDA:0,HyperliquidDeploymentFixture._deployLocalInfrastructure
DA:117,0
DA:118,0
DA:121,0
DA:123,0
DA:128,0
DA:130,0
DA:131,0
DA:132,0
DA:133,0
DA:136,0
FN:136,HyperliquidDeploymentFixture._deployExtensionsAndImplementation
FNDA:0,HyperliquidDeploymentFixture._deployExtensionsAndImplementation
DA:139,0
DA:140,0
DA:144,0
DA:146,0
DA:147,0
DA:148,0
DA:149,0
DA:150,0
DA:151,0
DA:153,0
DA:163,0
DA:164,0
DA:165,0
DA:166,0
DA:168,0
DA:170,0
BRDA:170,4,0,-
BRDA:170,4,1,-
DA:171,0
DA:172,0
DA:173,0
DA:175,0
DA:178,0
DA:179,0
DA:182,0
FN:182,HyperliquidDeploymentFixture._createPool
FNDA:0,HyperliquidDeploymentFixture._createPool
DA:183,0
DA:184,0
DA:185,0
DA:188,0
FN:188,HyperliquidDeploymentFixture._deployAndAuthorizeAdapter
FNDA:0,HyperliquidDeploymentFixture._deployAndAuthorizeAdapter
DA:189,0
DA:191,0
DA:192,0
DA:194,0
DA:195,0
DA:196,0
DA:197,0
DA:199,0
DA:201,0
DA:204,0
FN:204,HyperliquidDeploymentFixture._addOrReplaceMethod
FNDA:0,HyperliquidDeploymentFixture._addOrReplaceMethod
DA:205,0
DA:206,0
BRDA:206,5,0,-
DA:207,0
BRDA:207,6,0,-
DA:208,0
DA:210,0
DA:213,0
FN:213,HyperliquidDeploymentFixture._fundPool
FNDA:0,HyperliquidDeploymentFixture._fundPool
DA:215,0
DA:216,0
DA:219,0
DA:220,0
DA:221,0
DA:222,0
DA:223,0
DA:225,0
DA:229,0
FN:229,HyperliquidDeploymentFixture.usdcBalance
FNDA:0,HyperliquidDeploymentFixture.usdcBalance
DA:230,0
FNF:10
FNH:0
LF:96
LH:0
BRF:12
BRH:0
end_of_record
TN:
SF:test/fixtures/PolygonDeploymentFixture.sol
DA:72,0
FN:72,PolygonDeploymentFixture.deployFixture
FNDA:0,PolygonDeploymentFixture.deployFixture
DA:73,0
DA:74,0
DA:76,0
DA:78,0
DA:81,0
DA:82,0
DA:83,0
DA:85,0
DA:88,0
FN:88,PolygonDeploymentFixture._setupPolygon
FNDA:0,PolygonDeploymentFixture._setupPolygon
DA:89,0
DA:93,0
DA:96,0
DA:98,0
DA:99,0
DA:100,0
DA:105,0
DA:106,0
DA:108,0
DA:111,0
FN:111,PolygonDeploymentFixture._deployExtensions
FNDA:0,PolygonDeploymentFixture._deployExtensions
DA:113,0
DA:116,0
DA:117,0
DA:118,0
DA:121,0
DA:122,0
DA:123,0
DA:125,0
DA:136,0
DA:137,0
DA:139,0
DA:145,0
DA:146,0
DA:147,0
DA:148,0
DA:151,0
DA:152,0
DA:154,0
DA:157,0
FN:157,PolygonDeploymentFixture._deployNewImplementation
FNDA:0,PolygonDeploymentFixture._deployNewImplementation
DA:159,0
DA:160,0
DA:161,0
DA:164,0
FN:164,PolygonDeploymentFixture._updateFactoryAndCreatePool
FNDA:0,PolygonDeploymentFixture._updateFactoryAndCreatePool
DA:170,0
DA:171,0
DA:172,0
DA:174,0
DA:175,0
DA:176,0
DA:179,0
DA:180,0
DA:185,0
DA:186,0
DA:187,0
DA:190,0
DA:191,0
DA:193,0
DA:196,0
DA:197,0
DA:200,0
DA:202,0
BRDA:202,0,0,-
DA:203,0
DA:206,0
DA:208,0
DA:209,0
DA:210,0
BRDA:210,1,0,-
DA:211,0
DA:213,0
DA:214,0
DA:219,0
DA:221,0
DA:224,0
DA:226,0
BRDA:226,2,0,-
BRDA:226,2,1,-
DA:228,0
DA:229,0
DA:232,0
DA:233,0
DA:234,0
DA:237,0
DA:239,0
DA:243,0
FN:243,PolygonDeploymentFixture.getPolygonConfig
FNDA:0,PolygonDeploymentFixture.getPolygonConfig
DA:244,0
DA:257,0
FN:257,PolygonDeploymentFixture.pool
FNDA:0,PolygonDeploymentFixture.pool
DA:258,0
DA:262,0
FN:262,PolygonDeploymentFixture.baseToken
FNDA:0,PolygonDeploymentFixture.baseToken
DA:263,0
FNF:8
FNH:0
LF:86
LH:0
BRF:4
BRH:0
end_of_record
TN:
SF:test/fixtures/RealDeploymentFixture.sol
DA:55,0
FN:55,RealDeploymentFixture.eCrosschain
FNDA:0,RealDeploymentFixture.eCrosschain
DA:56,0
BRDA:56,0,0,-
DA:57,0
BRDA:57,1,0,-
DA:58,0
DA:61,0
FN:61,RealDeploymentFixture.aIntentsAdapter
FNDA:0,RealDeploymentFixture.aIntentsAdapter
DA:62,0
BRDA:62,2,0,-
DA:63,0
BRDA:63,3,0,-
DA:64,0
DA:67,0
FN:67,RealDeploymentFixture.pool
FNDA:0,RealDeploymentFixture.pool
DA:68,0
BRDA:68,4,0,-
DA:69,0
BRDA:69,5,0,-
DA:70,0
DA:93,0
FN:93,RealDeploymentFixture.deployFixture
FNDA:0,RealDeploymentFixture.deployFixture
DA:94,0
DA:95,0
DA:97,0
DA:99,0
DA:101,0
BRDA:101,6,0,-
BRDA:101,6,1,-
DA:103,0
DA:104,0
DA:105,0
DA:106,0
BRDA:106,7,0,-
BRDA:106,7,1,-
DA:108,0
DA:109,0
DA:111,0
DA:112,0
DA:113,0
DA:115,0
DA:118,0
DA:121,0
FN:121,RealDeploymentFixture._setupEthereum
FNDA:0,RealDeploymentFixture._setupEthereum
DA:122,0
DA:125,0
DA:126,0
DA:128,0
DA:129,0
DA:130,0
DA:131,0
DA:132,0
DA:134,0
DA:137,0
FN:137,RealDeploymentFixture._setupBase
FNDA:0,RealDeploymentFixture._setupBase
DA:138,0
DA:141,0
DA:142,0
DA:144,0
DA:145,0
DA:146,0
DA:147,0
DA:148,0
DA:150,0
DA:153,0
FN:153,RealDeploymentFixture._deployExtensions
FNDA:0,RealDeploymentFixture._deployExtensions
DA:155,0
DA:158,0
DA:159,0
DA:160,0
DA:163,0
DA:164,0
DA:165,0
DA:167,0
DA:178,0
DA:179,0
DA:181,0
DA:187,0
DA:188,0
DA:189,0
DA:190,0
DA:193,0
DA:194,0
DA:196,0
DA:199,0
FN:199,RealDeploymentFixture._deployNewImplementation
FNDA:0,RealDeploymentFixture._deployNewImplementation
DA:201,0
DA:202,0
DA:203,0
DA:206,0
FN:206,RealDeploymentFixture._updateFactoryAndCreatePool
FNDA:0,RealDeploymentFixture._updateFactoryAndCreatePool
DA:209,0
DA:210,0
DA:211,0
DA:213,0
DA:214,0
DA:215,0
DA:218,0
DA:219,0
DA:220,0
DA:221,0
DA:222,0
DA:226,0
DA:227,0
DA:229,0
DA:232,0
DA:233,0
DA:236,0
DA:238,0
BRDA:238,8,0,-
DA:239,0
DA:242,0
DA:243,0
DA:244,0
DA:249,0
DA:251,0
DA:255,0
DA:256,0
DA:257,0
DA:259,0
DA:261,0
DA:262,0
DA:263,0
DA:264,0
DA:266,0
DA:273,0
FN:273,RealDeploymentFixture._addOrReplaceMethod
FNDA:0,RealDeploymentFixture._addOrReplaceMethod
DA:274,0
DA:275,0
BRDA:275,9,0,-
DA:276,0
DA:278,0
BRDA:278,10,0,-
DA:279,0
DA:281,0
DA:285,0
FN:285,RealDeploymentFixture.getEthereumConfig
FNDA:0,RealDeploymentFixture.getEthereumConfig
DA:286,0
DA:299,0
FN:299,RealDeploymentFixture.getBaseConfig
FNDA:0,RealDeploymentFixture.getBaseConfig
DA:300,0
DA:313,0
FN:313,RealDeploymentFixture.getPolygonConfig
FNDA:0,RealDeploymentFixture.getPolygonConfig
DA:314,0
FNF:13
FNH:0
LF:119
LH:0
BRF:13
BRH:0
end_of_record
TN:
SF:test/fixtures/UnitTestFixture.sol
DA:48,0
FN:48,UnitTestFixture.deployFixture
FNDA:0,UnitTestFixture.deployFixture
DA:49,0
DA:52,0
DA:53,0
DA:56,0
DA:60,0
DA:61,0
DA:62,0
DA:65,0
DA:68,0
DA:73,0
DA:76,0
DA:78,0
DA:82,0
FN:82,UnitTestFixture._deployExtensions
FNDA:0,UnitTestFixture._deployExtensions
DA:83,0
DA:84,0
DA:86,0
DA:87,0
DA:90,0
DA:91,0
DA:92,0
DA:93,0
DA:94,0
DA:95,0
DA:97,0
DA:98,0
DA:99,0
DA:100,0
DA:101,0
DA:102,0
DA:104,0
DA:106,0
DA:116,0
DA:121,0
DA:122,0
DA:123,0
DA:124,0
DA:128,0
FN:128,UnitTestFixture._deployStakingSuite
FNDA:0,UnitTestFixture._deployStakingSuite
DA:129,0
DA:130,0
DA:131,0
DA:132,0
DA:133,0
DA:134,0
FNF:3
FNH:0
LF:44
LH:0
BRF:0
BRH:0
end_of_record
TN:
SF:test/governance/CrosschainReceiver.t.sol
DA:16,4
FN:16,Counter.increment
FNDA:4,Counter.increment
DA:17,4
DA:20,1
FN:20,Counter.setValue
FNDA:1,Counter.setValue
DA:21,1
DA:28,1
FN:28,RevertingTarget.fail
FNDA:1,RevertingTarget.fail
DA:29,1
FNF:3
FNH:3
LF:6
LH:6
BRF:0
BRH:0
end_of_record
